<?xml version="1.0" encoding="UTF-8"?>
<!-- Generated by org.testng.reporters.JUnitXMLReporter -->
<testsuite hostname="Victors-MacBook-Air.local" ignored="3" name="ChromeTestCases" tests="26" failures="2" timestamp="2021-01-03T17:21:29 CST" time="598.798" errors="0">
  <testcase name="testBlogLink" time="108.452" classname="com.romanceabroad.ui.BlogTests"/>
  <testcase name="testGiftsLink" time="2.497" classname="com.romanceabroad.ui.GiftsTests"/>
  <testcase name="testHowWeWorkLink" time="1.846" classname="com.romanceabroad.ui.HowWeWorkTests"/>
  <testcase name="testMainTitleTestCase13" time="2.831" classname="com.romanceabroad.ui.HowWeWorkTests"/>
  <testcase name="testCountPagesContentTestCase14" time="2.833" classname="com.romanceabroad.ui.HowWeWorkTests"/>
  <testcase name="testYoutubePlayButtonTestCase9" time="3.202" classname="com.romanceabroad.ui.MainTests"/>
  <testcase name="testCheckCountTitlesTestCase10" time="0.076" classname="com.romanceabroad.ui.MainTests"/>
  <testcase name="testCheckMainTitlesTestCase11" time="0.134" classname="com.romanceabroad.ui.MainTests"/>
  <testcase name="testPhotosLink" time="4.158" classname="com.romanceabroad.ui.PhotosTests"/>
  <testcase name="testClickButtonAddPhoto" time="4.207" classname="com.romanceabroad.ui.PhotosTests"/>
  <testcase name="testTabs" time="3.235" classname="com.romanceabroad.ui.PhotosTests"/>
  <testcase name="testPrettyWomenLink" time="6.878" classname="com.romanceabroad.ui.PrettyWomenTests"/>
  <testcase name="searchDifferentResults" time="84.013" classname="com.romanceabroad.ui.PrettyWomenTests"/>
  <testcase name="searchDifferentResults" time="8.437" classname="com.romanceabroad.ui.PrettyWomenTests"/>
  <testcase name="searchDifferentResults" time="83.553" classname="com.romanceabroad.ui.PrettyWomenTests"/>
  <testcase name="searchDifferentResults" time="3.977" classname="com.romanceabroad.ui.PrettyWomenTests">
    <failure type="org.openqa.selenium.NoSuchElementException" message="no such element: Unable to locate element: {&amp;quot;method&amp;quot;:&amp;quot;css selector&amp;quot;,&amp;quot;selector&amp;quot;:&amp;quot;select#age_max&amp;quot;}
  (Session info: chrome=87.0.4280.88)
For documentation on this error, please visit: https://www.seleniumhq.org/exceptions/no_such_element.html
Build info: version: &amp;apos;3.141.59&amp;apos;, revision: &amp;apos;e82be7d358&amp;apos;, time: &amp;apos;2018-11-14T08:17:03&amp;apos;
System info: host: &amp;apos;Victors-MacBook-Air.local&amp;apos;, ip: &amp;apos;2601:241:8680:7be0:0:0:0:208a%en0&amp;apos;, os.name: &amp;apos;Mac OS X&amp;apos;, os.arch: &amp;apos;x86_64&amp;apos;, os.version: &amp;apos;10.16&amp;apos;, java.version: &amp;apos;1.8.0_271&amp;apos;
Driver info: org.openqa.selenium.chrome.ChromeDriver
Capabilities {acceptInsecureCerts: false, browserName: chrome, browserVersion: 87.0.4280.88, chrome: {chromedriverVersion: 86.0.4240.22 (398b0743353ff..., userDataDir: /var/folders/hk/_x3rb27x6d7...}, goog:chromeOptions: {debuggerAddress: localhost:54285}, javascriptEnabled: true, networkConnectionEnabled: false, pageLoadStrategy: normal, platform: MAC, platformName: MAC, proxy: Proxy(), setWindowRect: true, strictFileInteractability: false, timeouts: {implicit: 0, pageLoad: 300000, script: 30000}, unhandledPromptBehavior: dismiss and notify, webauthn:virtualAuthenticators: true}
Session ID: dc08ad9cc1888a6c9a63d72edfa0ed90
*** Element info: {Using=css selector, value=select#age_max}">
      <![CDATA[org.openqa.selenium.NoSuchElementException: no such element: Unable to locate element: {"method":"css selector","selector":"select#age_max"}
  (Session info: chrome=87.0.4280.88)
For documentation on this error, please visit: https://www.seleniumhq.org/exceptions/no_such_element.html
Build info: version: '3.141.59', revision: 'e82be7d358', time: '2018-11-14T08:17:03'
System info: host: 'Victors-MacBook-Air.local', ip: '2601:241:8680:7be0:0:0:0:208a%en0', os.name: 'Mac OS X', os.arch: 'x86_64', os.version: '10.16', java.version: '1.8.0_271'
Driver info: org.openqa.selenium.chrome.ChromeDriver
Capabilities {acceptInsecureCerts: false, browserName: chrome, browserVersion: 87.0.4280.88, chrome: {chromedriverVersion: 86.0.4240.22 (398b0743353ff..., userDataDir: /var/folders/hk/_x3rb27x6d7...}, goog:chromeOptions: {debuggerAddress: localhost:54285}, javascriptEnabled: true, networkConnectionEnabled: false, pageLoadStrategy: normal, platform: MAC, platformName: MAC, proxy: Proxy(), setWindowRect: true, strictFileInteractability: false, timeouts: {implicit: 0, pageLoad: 300000, script: 30000}, unhandledPromptBehavior: dismiss and notify, webauthn:virtualAuthenticators: true}
Session ID: dc08ad9cc1888a6c9a63d72edfa0ed90
*** Element info: {Using=css selector, value=select#age_max}
at org.openqa.selenium.remote.http.W3CHttpResponseCodec.createException(W3CHttpResponseCodec.java:187)
at org.openqa.selenium.remote.http.W3CHttpResponseCodec.decode(W3CHttpResponseCodec.java:122)
at org.openqa.selenium.remote.http.W3CHttpResponseCodec.decode(W3CHttpResponseCodec.java:49)
at org.openqa.selenium.remote.HttpCommandExecutor.execute(HttpCommandExecutor.java:158)
at org.openqa.selenium.remote.service.DriverCommandExecutor.execute(DriverCommandExecutor.java:83)
at org.openqa.selenium.remote.RemoteWebDriver.execute(RemoteWebDriver.java:552)
at org.openqa.selenium.remote.RemoteWebDriver.findElement(RemoteWebDriver.java:323)
at org.openqa.selenium.remote.RemoteWebDriver.findElementByCssSelector(RemoteWebDriver.java:420)
at org.openqa.selenium.By$ByCssSelector.findElement(By.java:431)
at org.openqa.selenium.remote.RemoteWebDriver.findElement(RemoteWebDriver.java:315)
at com.romanceabroad.ui.BaseActions.getDropDownListByText(BaseActions.java:44)
at com.romanceabroad.ui.PrettyWomenTests.searchDifferentResults(PrettyWomenTests.java:60)
at java.util.ArrayList.forEach(ArrayList.java:1259)
... Removed 35 stack frames]]>
    </failure>
  </testcase> <!-- searchDifferentResults -->
  <testcase name="testSearchButtonTestCase3" time="3.806" classname="com.romanceabroad.ui.PrettyWomenTests"/>
  <testcase name="testThirdPageTestCase4" time="6.519" classname="com.romanceabroad.ui.PrettyWomenTests"/>
  <testcase name="testSignInFillInLoginPassword" time="2.422" classname="com.romanceabroad.ui.SignInTests"/>
  <testcase name="testSignInFillInLoginPassword" time="2.134" classname="com.romanceabroad.ui.SignInTests"/>
  <testcase name="testFillInContactUsPage" time="9.416" classname="com.romanceabroad.ui.ContactUsTests">
    <failure type="java.lang.AssertionError" message="expected [https://romanceabroad.com/content/view/how-it-works] but found [https://romanceabroad.com/tickets/]">
      <![CDATA[java.lang.AssertionError: expected [https://romanceabroad.com/content/view/how-it-works] but found [https://romanceabroad.com/tickets/]
at com.romanceabroad.ui.ContactUsTests.testFillInContactUsPage(ContactUsTests.java:23)
at java.util.ArrayList.forEach(ArrayList.java:1259)
... Removed 36 stack frames]]>
    </failure>
  </testcase> <!-- testFillInContactUsPage -->
  <testcase name="testTourToUkraineLink" time="4.012" classname="com.romanceabroad.ui.TourToUkraineTests"/>
  <testcase name="testFillInformationRegistrationPage" time="9.288" classname="com.romanceabroad.ui.RegistrationTests"/>
  <testcase name="testFillInformationRegistrationPage" time="0.717" classname="com.romanceabroad.ui.RegistrationTests"/>
  <testcase name="testFillInformationRegistrationPage" time="3.356" classname="com.romanceabroad.ui.RegistrationTests"/>
  <testcase name="testFillInformationRegistrationPage" time="6.044" classname="com.romanceabroad.ui.RegistrationTests"/>
  <testcase name="testUserProfile" time="0.0" classname="com.romanceabroad.ui.PrettyWomenTests">
    <ignored/>
  </testcase> <!-- testUserProfile -->
  <testcase name="print" time="0.0" classname="com.romanceabroad.ui.MainTests">
    <ignored/>
  </testcase> <!-- print -->
  <testcase name="testFooter" time="0.0" classname="com.romanceabroad.ui.PrettyWomenTests">
    <ignored/>
  </testcase> <!-- testFooter -->
</testsuite> <!-- ChromeTestCases -->
