<?xml version="1.0" encoding="UTF-8"?>
<testng-results skipped="0" failed="2" ignored="3" total="29" passed="24">
  <reporter-output>
  </reporter-output>
  <suite name="TestSuite" duration-ms="598798" started-at="2021-01-03T17:11:31 CST" finished-at="2021-01-03T17:21:29 CST">
    <groups>
      <group name="admin">
        <method signature="BlogTests.testBlogLink()[pri:0, instance:com.romanceabroad.ui.BlogTests@5bc79255]" name="testBlogLink" class="com.romanceabroad.ui.BlogTests"/>
        <method signature="ContactUsTests.testFillInContactUsPage()[pri:0, instance:com.romanceabroad.ui.ContactUsTests@5c5a1b69]" name="testFillInContactUsPage" class="com.romanceabroad.ui.ContactUsTests"/>
        <method signature="GiftsTests.testGiftsLink()[pri:0, instance:com.romanceabroad.ui.GiftsTests@47ef968d]" name="testGiftsLink" class="com.romanceabroad.ui.GiftsTests"/>
        <method signature="HowWeWorkTests.testCountPagesContentTestCase14()[pri:3, instance:com.romanceabroad.ui.HowWeWorkTests@23e028a9]" name="testCountPagesContentTestCase14" class="com.romanceabroad.ui.HowWeWorkTests"/>
        <method signature="HowWeWorkTests.testHowWeWorkLink()[pri:1, instance:com.romanceabroad.ui.HowWeWorkTests@23e028a9]" name="testHowWeWorkLink" class="com.romanceabroad.ui.HowWeWorkTests"/>
        <method signature="HowWeWorkTests.testMainTitleTestCase13()[pri:2, instance:com.romanceabroad.ui.HowWeWorkTests@23e028a9]" name="testMainTitleTestCase13" class="com.romanceabroad.ui.HowWeWorkTests"/>
        <method signature="MainTests.testCheckCountTitlesTestCase10()[pri:2, instance:com.romanceabroad.ui.MainTests@3dd4520b]" name="testCheckCountTitlesTestCase10" class="com.romanceabroad.ui.MainTests"/>
        <method signature="MainTests.testCheckMainTitlesTestCase11()[pri:3, instance:com.romanceabroad.ui.MainTests@3dd4520b]" name="testCheckMainTitlesTestCase11" class="com.romanceabroad.ui.MainTests"/>
        <method signature="MainTests.testYoutubePlayButtonTestCase9()[pri:1, instance:com.romanceabroad.ui.MainTests@3dd4520b]" name="testYoutubePlayButtonTestCase9" class="com.romanceabroad.ui.MainTests"/>
        <method signature="PhotosTests.testClickButtonAddPhoto()[pri:2, instance:com.romanceabroad.ui.PhotosTests@5ae63ade]" name="testClickButtonAddPhoto" class="com.romanceabroad.ui.PhotosTests"/>
        <method signature="PhotosTests.testPhotosLink()[pri:1, instance:com.romanceabroad.ui.PhotosTests@5ae63ade]" name="testPhotosLink" class="com.romanceabroad.ui.PhotosTests"/>
        <method signature="PhotosTests.testTabs()[pri:3, instance:com.romanceabroad.ui.PhotosTests@5ae63ade]" name="testTabs" class="com.romanceabroad.ui.PhotosTests"/>
        <method signature="PrettyWomenTests.searchDifferentResults(java.lang.String, java.lang.String, java.lang.String)[pri:2, instance:com.romanceabroad.ui.PrettyWomenTests@610694f1]" name="searchDifferentResults" class="com.romanceabroad.ui.PrettyWomenTests"/>
        <method signature="PrettyWomenTests.testPrettyWomenLink()[pri:1, instance:com.romanceabroad.ui.PrettyWomenTests@610694f1]" name="testPrettyWomenLink" class="com.romanceabroad.ui.PrettyWomenTests"/>
        <method signature="PrettyWomenTests.testSearchButtonTestCase3()[pri:3, instance:com.romanceabroad.ui.PrettyWomenTests@610694f1]" name="testSearchButtonTestCase3" class="com.romanceabroad.ui.PrettyWomenTests"/>
        <method signature="PrettyWomenTests.testThirdPageTestCase4()[pri:4, instance:com.romanceabroad.ui.PrettyWomenTests@610694f1]" name="testThirdPageTestCase4" class="com.romanceabroad.ui.PrettyWomenTests"/>
        <method signature="RegistrationTests.testFillInformationRegistrationPage(java.lang.String, java.lang.String, boolean)[pri:0, instance:com.romanceabroad.ui.RegistrationTests@627551fb]" name="testFillInformationRegistrationPage" class="com.romanceabroad.ui.RegistrationTests"/>
        <method signature="RegistrationTests.testFillInformationRegistrationPage(java.lang.String, java.lang.String, java.lang.String, java.lang.String, java.lang.String, java.lang.String, java.lang.String, java.lang.String)[pri:0, instance:com.romanceabroad.ui.RegistrationTests@627551fb]" name="testFillInformationRegistrationPage" class="com.romanceabroad.ui.RegistrationTests"/>
        <method signature="SignInTests.testSignInFillInLoginPassword(java.lang.String, java.lang.String, java.lang.Boolean)[pri:0, instance:com.romanceabroad.ui.SignInTests@43814d18]" name="testSignInFillInLoginPassword" class="com.romanceabroad.ui.SignInTests"/>
        <method signature="TourToUkraineTests.testTourToUkraineLink()[pri:0, instance:com.romanceabroad.ui.TourToUkraineTests@3701eaf6]" name="testTourToUkraineLink" class="com.romanceabroad.ui.TourToUkraineTests"/>
      </group> <!-- admin -->
      <group name="user">
        <method signature="BlogTests.testBlogLink()[pri:0, instance:com.romanceabroad.ui.BlogTests@5bc79255]" name="testBlogLink" class="com.romanceabroad.ui.BlogTests"/>
        <method signature="GiftsTests.testGiftsLink()[pri:0, instance:com.romanceabroad.ui.GiftsTests@47ef968d]" name="testGiftsLink" class="com.romanceabroad.ui.GiftsTests"/>
        <method signature="HowWeWorkTests.testCountPagesContentTestCase14()[pri:3, instance:com.romanceabroad.ui.HowWeWorkTests@23e028a9]" name="testCountPagesContentTestCase14" class="com.romanceabroad.ui.HowWeWorkTests"/>
        <method signature="HowWeWorkTests.testHowWeWorkLink()[pri:1, instance:com.romanceabroad.ui.HowWeWorkTests@23e028a9]" name="testHowWeWorkLink" class="com.romanceabroad.ui.HowWeWorkTests"/>
        <method signature="HowWeWorkTests.testMainTitleTestCase13()[pri:2, instance:com.romanceabroad.ui.HowWeWorkTests@23e028a9]" name="testMainTitleTestCase13" class="com.romanceabroad.ui.HowWeWorkTests"/>
        <method signature="MainTests.testCheckCountTitlesTestCase10()[pri:2, instance:com.romanceabroad.ui.MainTests@3dd4520b]" name="testCheckCountTitlesTestCase10" class="com.romanceabroad.ui.MainTests"/>
        <method signature="MainTests.testCheckMainTitlesTestCase11()[pri:3, instance:com.romanceabroad.ui.MainTests@3dd4520b]" name="testCheckMainTitlesTestCase11" class="com.romanceabroad.ui.MainTests"/>
        <method signature="MainTests.testYoutubePlayButtonTestCase9()[pri:1, instance:com.romanceabroad.ui.MainTests@3dd4520b]" name="testYoutubePlayButtonTestCase9" class="com.romanceabroad.ui.MainTests"/>
        <method signature="PhotosTests.testClickButtonAddPhoto()[pri:2, instance:com.romanceabroad.ui.PhotosTests@5ae63ade]" name="testClickButtonAddPhoto" class="com.romanceabroad.ui.PhotosTests"/>
        <method signature="PhotosTests.testPhotosLink()[pri:1, instance:com.romanceabroad.ui.PhotosTests@5ae63ade]" name="testPhotosLink" class="com.romanceabroad.ui.PhotosTests"/>
        <method signature="PhotosTests.testTabs()[pri:3, instance:com.romanceabroad.ui.PhotosTests@5ae63ade]" name="testTabs" class="com.romanceabroad.ui.PhotosTests"/>
        <method signature="PrettyWomenTests.searchDifferentResults(java.lang.String, java.lang.String, java.lang.String)[pri:2, instance:com.romanceabroad.ui.PrettyWomenTests@610694f1]" name="searchDifferentResults" class="com.romanceabroad.ui.PrettyWomenTests"/>
        <method signature="PrettyWomenTests.testPrettyWomenLink()[pri:1, instance:com.romanceabroad.ui.PrettyWomenTests@610694f1]" name="testPrettyWomenLink" class="com.romanceabroad.ui.PrettyWomenTests"/>
        <method signature="PrettyWomenTests.testSearchButtonTestCase3()[pri:3, instance:com.romanceabroad.ui.PrettyWomenTests@610694f1]" name="testSearchButtonTestCase3" class="com.romanceabroad.ui.PrettyWomenTests"/>
        <method signature="PrettyWomenTests.testThirdPageTestCase4()[pri:4, instance:com.romanceabroad.ui.PrettyWomenTests@610694f1]" name="testThirdPageTestCase4" class="com.romanceabroad.ui.PrettyWomenTests"/>
        <method signature="RegistrationTests.testFillInformationRegistrationPage(java.lang.String, java.lang.String, boolean)[pri:0, instance:com.romanceabroad.ui.RegistrationTests@627551fb]" name="testFillInformationRegistrationPage" class="com.romanceabroad.ui.RegistrationTests"/>
        <method signature="RegistrationTests.testFillInformationRegistrationPage(java.lang.String, java.lang.String, java.lang.String, java.lang.String, java.lang.String, java.lang.String, java.lang.String, java.lang.String)[pri:0, instance:com.romanceabroad.ui.RegistrationTests@627551fb]" name="testFillInformationRegistrationPage" class="com.romanceabroad.ui.RegistrationTests"/>
        <method signature="SignInTests.testSignInFillInLoginPassword(java.lang.String, java.lang.String, java.lang.Boolean)[pri:0, instance:com.romanceabroad.ui.SignInTests@43814d18]" name="testSignInFillInLoginPassword" class="com.romanceabroad.ui.SignInTests"/>
        <method signature="TourToUkraineTests.testTourToUkraineLink()[pri:0, instance:com.romanceabroad.ui.TourToUkraineTests@3701eaf6]" name="testTourToUkraineLink" class="com.romanceabroad.ui.TourToUkraineTests"/>
      </group> <!-- user -->
      <group name="users">
        <method signature="ContactUsTests.testFillInContactUsPage()[pri:0, instance:com.romanceabroad.ui.ContactUsTests@5c5a1b69]" name="testFillInContactUsPage" class="com.romanceabroad.ui.ContactUsTests"/>
      </group> <!-- users -->
    </groups>
    <test name="ChromeTestCases" duration-ms="598798" started-at="2021-01-03T17:11:31 CST" finished-at="2021-01-03T17:21:29 CST">
      <class name="com.romanceabroad.ui.HowWeWorkTests">
        <test-method status="PASS" signature="setup(java.lang.String, java.lang.reflect.Method)[pri:0, instance:com.romanceabroad.ui.HowWeWorkTests@23e028a9]" name="setup" is-config="true" duration-ms="7026" started-at="2021-01-03T17:13:52 CST" finished-at="2021-01-03T17:13:59 CST">
          <params>
            <param index="0">
              <value>
                <![CDATA[chrome]]>
              </value>
            </param>
            <param index="1">
              <value>
                <![CDATA[public void com.romanceabroad.ui.HowWeWorkTests.testHowWeWorkLink()]]>
              </value>
            </param>
          </params>
          <reporter-output>
          </reporter-output>
        </test-method> <!-- setup -->
        <test-method status="PASS" signature="testHowWeWorkLink()[pri:1, instance:com.romanceabroad.ui.HowWeWorkTests@23e028a9]" name="testHowWeWorkLink" duration-ms="1846" started-at="2021-01-03T17:13:59 CST" finished-at="2021-01-03T17:14:01 CST">
          <reporter-output>
          </reporter-output>
        </test-method> <!-- testHowWeWorkLink -->
        <test-method status="PASS" signature="afterActions(org.testng.ITestResult)[pri:0, instance:com.romanceabroad.ui.HowWeWorkTests@23e028a9]" name="afterActions" is-config="true" duration-ms="377" started-at="2021-01-03T17:14:01 CST" finished-at="2021-01-03T17:14:01 CST">
          <params>
            <param index="0">
              <value>
                <![CDATA[[TestResult name=testHowWeWorkLink status=SUCCESS method=HowWeWorkTests.testHowWeWorkLink()[pri:1, instance:com.romanceabroad.ui.HowWeWorkTests@23e028a9] output={null}]]]>
              </value>
            </param>
          </params>
          <reporter-output>
          </reporter-output>
        </test-method> <!-- afterActions -->
        <test-method status="PASS" signature="setup(java.lang.String, java.lang.reflect.Method)[pri:0, instance:com.romanceabroad.ui.HowWeWorkTests@23e028a9]" name="setup" is-config="true" duration-ms="6590" started-at="2021-01-03T17:14:01 CST" finished-at="2021-01-03T17:14:08 CST">
          <params>
            <param index="0">
              <value>
                <![CDATA[chrome]]>
              </value>
            </param>
            <param index="1">
              <value>
                <![CDATA[public void com.romanceabroad.ui.HowWeWorkTests.testMainTitleTestCase13()]]>
              </value>
            </param>
          </params>
          <reporter-output>
          </reporter-output>
        </test-method> <!-- setup -->
        <test-method status="PASS" signature="testMainTitleTestCase13()[pri:2, instance:com.romanceabroad.ui.HowWeWorkTests@23e028a9]" name="testMainTitleTestCase13" duration-ms="2831" started-at="2021-01-03T17:14:08 CST" finished-at="2021-01-03T17:14:11 CST">
          <reporter-output>
          </reporter-output>
        </test-method> <!-- testMainTitleTestCase13 -->
        <test-method status="PASS" signature="afterActions(org.testng.ITestResult)[pri:0, instance:com.romanceabroad.ui.HowWeWorkTests@23e028a9]" name="afterActions" is-config="true" duration-ms="349" started-at="2021-01-03T17:14:11 CST" finished-at="2021-01-03T17:14:11 CST">
          <params>
            <param index="0">
              <value>
                <![CDATA[[TestResult name=testMainTitleTestCase13 status=SUCCESS method=HowWeWorkTests.testMainTitleTestCase13()[pri:2, instance:com.romanceabroad.ui.HowWeWorkTests@23e028a9] output={null}]]]>
              </value>
            </param>
          </params>
          <reporter-output>
          </reporter-output>
        </test-method> <!-- afterActions -->
        <test-method status="PASS" signature="setup(java.lang.String, java.lang.reflect.Method)[pri:0, instance:com.romanceabroad.ui.HowWeWorkTests@23e028a9]" name="setup" is-config="true" duration-ms="6570" started-at="2021-01-03T17:14:11 CST" finished-at="2021-01-03T17:14:18 CST">
          <params>
            <param index="0">
              <value>
                <![CDATA[chrome]]>
              </value>
            </param>
            <param index="1">
              <value>
                <![CDATA[public void com.romanceabroad.ui.HowWeWorkTests.testCountPagesContentTestCase14()]]>
              </value>
            </param>
          </params>
          <reporter-output>
          </reporter-output>
        </test-method> <!-- setup -->
        <test-method status="PASS" signature="testCountPagesContentTestCase14()[pri:3, instance:com.romanceabroad.ui.HowWeWorkTests@23e028a9]" name="testCountPagesContentTestCase14" duration-ms="2833" started-at="2021-01-03T17:14:18 CST" finished-at="2021-01-03T17:14:20 CST">
          <reporter-output>
          </reporter-output>
        </test-method> <!-- testCountPagesContentTestCase14 -->
        <test-method status="PASS" signature="afterActions(org.testng.ITestResult)[pri:0, instance:com.romanceabroad.ui.HowWeWorkTests@23e028a9]" name="afterActions" is-config="true" duration-ms="350" started-at="2021-01-03T17:14:20 CST" finished-at="2021-01-03T17:14:21 CST">
          <params>
            <param index="0">
              <value>
                <![CDATA[[TestResult name=testCountPagesContentTestCase14 status=SUCCESS method=HowWeWorkTests.testCountPagesContentTestCase14()[pri:3, instance:com.romanceabroad.ui.HowWeWorkTests@23e028a9] output={null}]]]>
              </value>
            </param>
          </params>
          <reporter-output>
          </reporter-output>
        </test-method> <!-- afterActions -->
      </class> <!-- com.romanceabroad.ui.HowWeWorkTests -->
      <class name="com.romanceabroad.ui.SignInTests">
        <test-method status="PASS" signature="setup(java.lang.String, java.lang.reflect.Method)[pri:0, instance:com.romanceabroad.ui.SignInTests@43814d18]" name="setup" is-config="true" duration-ms="10004" started-at="2021-01-03T17:19:33 CST" finished-at="2021-01-03T17:19:43 CST">
          <params>
            <param index="0">
              <value>
                <![CDATA[chrome]]>
              </value>
            </param>
            <param index="1">
              <value>
                <![CDATA[public void com.romanceabroad.ui.SignInTests.testSignInFillInLoginPassword(java.lang.String,java.lang.String,java.lang.Boolean)]]>
              </value>
            </param>
          </params>
          <reporter-output>
          </reporter-output>
        </test-method> <!-- setup -->
        <test-method status="PASS" signature="testSignInFillInLoginPassword(java.lang.String, java.lang.String, java.lang.Boolean)[pri:0, instance:com.romanceabroad.ui.SignInTests@43814d18]" name="testSignInFillInLoginPassword" duration-ms="2422" started-at="2021-01-03T17:19:43 CST" data-provider="SignIn" finished-at="2021-01-03T17:19:45 CST">
          <params>
            <param index="0">
              <value>
                <![CDATA[uhduwuw@.com]]>
              </value>
            </param>
            <param index="1">
              <value>
                <![CDATA[vfsdssveegf]]>
              </value>
            </param>
            <param index="2">
              <value>
                <![CDATA[false]]>
              </value>
            </param>
          </params>
          <reporter-output>
          </reporter-output>
        </test-method> <!-- testSignInFillInLoginPassword -->
        <test-method status="PASS" signature="afterActions(org.testng.ITestResult)[pri:0, instance:com.romanceabroad.ui.SignInTests@43814d18]" name="afterActions" is-config="true" duration-ms="611" started-at="2021-01-03T17:19:45 CST" finished-at="2021-01-03T17:19:46 CST">
          <params>
            <param index="0">
              <value>
                <![CDATA[[TestResult name=testSignInFillInLoginPassword status=SUCCESS method=SignInTests.testSignInFillInLoginPassword(java.lang.String, java.lang.String, java.lang.Boolean)[pri:0, instance:com.romanceabroad.ui.SignInTests@43814d18] output={null}]]]>
              </value>
            </param>
          </params>
          <reporter-output>
          </reporter-output>
        </test-method> <!-- afterActions -->
        <test-method status="PASS" signature="setup(java.lang.String, java.lang.reflect.Method)[pri:0, instance:com.romanceabroad.ui.SignInTests@43814d18]" name="setup" is-config="true" duration-ms="13588" started-at="2021-01-03T17:19:46 CST" finished-at="2021-01-03T17:19:59 CST">
          <params>
            <param index="0">
              <value>
                <![CDATA[chrome]]>
              </value>
            </param>
            <param index="1">
              <value>
                <![CDATA[public void com.romanceabroad.ui.SignInTests.testSignInFillInLoginPassword(java.lang.String,java.lang.String,java.lang.Boolean)]]>
              </value>
            </param>
          </params>
          <reporter-output>
          </reporter-output>
        </test-method> <!-- setup -->
        <test-method status="PASS" signature="testSignInFillInLoginPassword(java.lang.String, java.lang.String, java.lang.Boolean)[pri:0, instance:com.romanceabroad.ui.SignInTests@43814d18]" name="testSignInFillInLoginPassword" duration-ms="2134" started-at="2021-01-03T17:19:59 CST" data-provider="SignIn" finished-at="2021-01-03T17:20:02 CST">
          <params>
            <param index="0">
              <value>
                <![CDATA[manthesky@gmail.com]]>
              </value>
            </param>
            <param index="1">
              <value>
                <![CDATA[ooaxoamaooom450941!]]>
              </value>
            </param>
            <param index="2">
              <value>
                <![CDATA[true]]>
              </value>
            </param>
          </params>
          <reporter-output>
          </reporter-output>
        </test-method> <!-- testSignInFillInLoginPassword -->
        <test-method status="PASS" signature="afterActions(org.testng.ITestResult)[pri:0, instance:com.romanceabroad.ui.SignInTests@43814d18]" name="afterActions" is-config="true" duration-ms="588" started-at="2021-01-03T17:20:02 CST" finished-at="2021-01-03T17:20:02 CST">
          <params>
            <param index="0">
              <value>
                <![CDATA[[TestResult name=testSignInFillInLoginPassword status=SUCCESS method=SignInTests.testSignInFillInLoginPassword(java.lang.String, java.lang.String, java.lang.Boolean)[pri:0, instance:com.romanceabroad.ui.SignInTests@43814d18] output={null}]]]>
              </value>
            </param>
          </params>
          <reporter-output>
          </reporter-output>
        </test-method> <!-- afterActions -->
      </class> <!-- com.romanceabroad.ui.SignInTests -->
      <class name="com.romanceabroad.ui.PrettyWomenTests">
        <test-method status="PASS" signature="setup(java.lang.String, java.lang.reflect.Method)[pri:0, instance:com.romanceabroad.ui.PrettyWomenTests@610694f1]" name="setup" is-config="true" duration-ms="7515" started-at="2021-01-03T17:15:19 CST" finished-at="2021-01-03T17:15:26 CST">
          <params>
            <param index="0">
              <value>
                <![CDATA[chrome]]>
              </value>
            </param>
            <param index="1">
              <value>
                <![CDATA[public void com.romanceabroad.ui.PrettyWomenTests.testPrettyWomenLink()]]>
              </value>
            </param>
          </params>
          <reporter-output>
          </reporter-output>
        </test-method> <!-- setup -->
        <test-method status="PASS" signature="testPrettyWomenLink()[pri:1, instance:com.romanceabroad.ui.PrettyWomenTests@610694f1]" name="testPrettyWomenLink" duration-ms="6878" started-at="2021-01-03T17:15:26 CST" finished-at="2021-01-03T17:15:33 CST">
          <reporter-output>
          </reporter-output>
        </test-method> <!-- testPrettyWomenLink -->
        <test-method status="PASS" signature="afterActions(org.testng.ITestResult)[pri:0, instance:com.romanceabroad.ui.PrettyWomenTests@610694f1]" name="afterActions" is-config="true" duration-ms="499" started-at="2021-01-03T17:15:33 CST" finished-at="2021-01-03T17:15:34 CST">
          <params>
            <param index="0">
              <value>
                <![CDATA[[TestResult name=testPrettyWomenLink status=SUCCESS method=PrettyWomenTests.testPrettyWomenLink()[pri:1, instance:com.romanceabroad.ui.PrettyWomenTests@610694f1] output={null}]]]>
              </value>
            </param>
          </params>
          <reporter-output>
          </reporter-output>
        </test-method> <!-- afterActions -->
        <test-method status="PASS" signature="setup(java.lang.String, java.lang.reflect.Method)[pri:0, instance:com.romanceabroad.ui.PrettyWomenTests@610694f1]" name="setup" is-config="true" duration-ms="7127" started-at="2021-01-03T17:15:34 CST" finished-at="2021-01-03T17:15:41 CST">
          <params>
            <param index="0">
              <value>
                <![CDATA[chrome]]>
              </value>
            </param>
            <param index="1">
              <value>
                <![CDATA[public void com.romanceabroad.ui.PrettyWomenTests.searchDifferentResults(java.lang.String,java.lang.String,java.lang.String)]]>
              </value>
            </param>
          </params>
          <reporter-output>
          </reporter-output>
        </test-method> <!-- setup -->
        <test-method status="PASS" signature="searchDifferentResults(java.lang.String, java.lang.String, java.lang.String)[pri:2, instance:com.romanceabroad.ui.PrettyWomenTests@610694f1]" name="searchDifferentResults" duration-ms="84013" started-at="2021-01-03T17:15:41 CST" data-provider="PrettyWomen" finished-at="2021-01-03T17:17:05 CST">
          <params>
            <param index="0">
              <value>
                <![CDATA[18]]>
              </value>
            </param>
            <param index="1">
              <value>
                <![CDATA[80]]>
              </value>
            </param>
            <param index="2">
              <value>
                <![CDATA[Default]]>
              </value>
            </param>
          </params>
          <reporter-output>
          </reporter-output>
        </test-method> <!-- searchDifferentResults -->
        <test-method status="PASS" signature="afterActions(org.testng.ITestResult)[pri:0, instance:com.romanceabroad.ui.PrettyWomenTests@610694f1]" name="afterActions" is-config="true" duration-ms="772" started-at="2021-01-03T17:17:05 CST" finished-at="2021-01-03T17:17:06 CST">
          <params>
            <param index="0">
              <value>
                <![CDATA[[TestResult name=searchDifferentResults status=SUCCESS method=PrettyWomenTests.searchDifferentResults(java.lang.String, java.lang.String, java.lang.String)[pri:2, instance:com.romanceabroad.ui.PrettyWomenTests@610694f1] output={null}]]]>
              </value>
            </param>
          </params>
          <reporter-output>
          </reporter-output>
        </test-method> <!-- afterActions -->
        <test-method status="PASS" signature="setup(java.lang.String, java.lang.reflect.Method)[pri:0, instance:com.romanceabroad.ui.PrettyWomenTests@610694f1]" name="setup" is-config="true" duration-ms="7397" started-at="2021-01-03T17:17:06 CST" finished-at="2021-01-03T17:17:13 CST">
          <params>
            <param index="0">
              <value>
                <![CDATA[chrome]]>
              </value>
            </param>
            <param index="1">
              <value>
                <![CDATA[public void com.romanceabroad.ui.PrettyWomenTests.searchDifferentResults(java.lang.String,java.lang.String,java.lang.String)]]>
              </value>
            </param>
          </params>
          <reporter-output>
          </reporter-output>
        </test-method> <!-- setup -->
        <test-method status="PASS" signature="searchDifferentResults(java.lang.String, java.lang.String, java.lang.String)[pri:2, instance:com.romanceabroad.ui.PrettyWomenTests@610694f1]" name="searchDifferentResults" duration-ms="8437" started-at="2021-01-03T17:17:13 CST" data-provider="PrettyWomen" finished-at="2021-01-03T17:17:21 CST">
          <params>
            <param index="0">
              <value>
                <![CDATA[18]]>
              </value>
            </param>
            <param index="1">
              <value>
                <![CDATA[19]]>
              </value>
            </param>
            <param index="2">
              <value>
                <![CDATA[Name]]>
              </value>
            </param>
          </params>
          <reporter-output>
          </reporter-output>
        </test-method> <!-- searchDifferentResults -->
        <test-method status="PASS" signature="afterActions(org.testng.ITestResult)[pri:0, instance:com.romanceabroad.ui.PrettyWomenTests@610694f1]" name="afterActions" is-config="true" duration-ms="799" started-at="2021-01-03T17:17:21 CST" finished-at="2021-01-03T17:17:22 CST">
          <params>
            <param index="0">
              <value>
                <![CDATA[[TestResult name=searchDifferentResults status=SUCCESS method=PrettyWomenTests.searchDifferentResults(java.lang.String, java.lang.String, java.lang.String)[pri:2, instance:com.romanceabroad.ui.PrettyWomenTests@610694f1] output={null}]]]>
              </value>
            </param>
          </params>
          <reporter-output>
          </reporter-output>
        </test-method> <!-- afterActions -->
        <test-method status="PASS" signature="setup(java.lang.String, java.lang.reflect.Method)[pri:0, instance:com.romanceabroad.ui.PrettyWomenTests@610694f1]" name="setup" is-config="true" duration-ms="6500" started-at="2021-01-03T17:17:22 CST" finished-at="2021-01-03T17:17:29 CST">
          <params>
            <param index="0">
              <value>
                <![CDATA[chrome]]>
              </value>
            </param>
            <param index="1">
              <value>
                <![CDATA[public void com.romanceabroad.ui.PrettyWomenTests.searchDifferentResults(java.lang.String,java.lang.String,java.lang.String)]]>
              </value>
            </param>
          </params>
          <reporter-output>
          </reporter-output>
        </test-method> <!-- setup -->
        <test-method status="PASS" signature="searchDifferentResults(java.lang.String, java.lang.String, java.lang.String)[pri:2, instance:com.romanceabroad.ui.PrettyWomenTests@610694f1]" name="searchDifferentResults" duration-ms="83553" started-at="2021-01-03T17:17:29 CST" data-provider="PrettyWomen" finished-at="2021-01-03T17:18:52 CST">
          <params>
            <param index="0">
              <value>
                <![CDATA[30]]>
              </value>
            </param>
            <param index="1">
              <value>
                <![CDATA[40]]>
              </value>
            </param>
            <param index="2">
              <value>
                <![CDATA[Views]]>
              </value>
            </param>
          </params>
          <reporter-output>
          </reporter-output>
        </test-method> <!-- searchDifferentResults -->
        <test-method status="PASS" signature="afterActions(org.testng.ITestResult)[pri:0, instance:com.romanceabroad.ui.PrettyWomenTests@610694f1]" name="afterActions" is-config="true" duration-ms="357" started-at="2021-01-03T17:18:52 CST" finished-at="2021-01-03T17:18:53 CST">
          <params>
            <param index="0">
              <value>
                <![CDATA[[TestResult name=searchDifferentResults status=SUCCESS method=PrettyWomenTests.searchDifferentResults(java.lang.String, java.lang.String, java.lang.String)[pri:2, instance:com.romanceabroad.ui.PrettyWomenTests@610694f1] output={null}]]]>
              </value>
            </param>
          </params>
          <reporter-output>
          </reporter-output>
        </test-method> <!-- afterActions -->
        <test-method status="PASS" signature="setup(java.lang.String, java.lang.reflect.Method)[pri:0, instance:com.romanceabroad.ui.PrettyWomenTests@610694f1]" name="setup" is-config="true" duration-ms="10204" started-at="2021-01-03T17:18:53 CST" finished-at="2021-01-03T17:19:03 CST">
          <params>
            <param index="0">
              <value>
                <![CDATA[chrome]]>
              </value>
            </param>
            <param index="1">
              <value>
                <![CDATA[public void com.romanceabroad.ui.PrettyWomenTests.searchDifferentResults(java.lang.String,java.lang.String,java.lang.String)]]>
              </value>
            </param>
          </params>
          <reporter-output>
          </reporter-output>
        </test-method> <!-- setup -->
        <test-method status="FAIL" signature="searchDifferentResults(java.lang.String, java.lang.String, java.lang.String)[pri:2, instance:com.romanceabroad.ui.PrettyWomenTests@610694f1]" name="searchDifferentResults" duration-ms="3977" started-at="2021-01-03T17:19:03 CST" data-provider="PrettyWomen" finished-at="2021-01-03T17:19:07 CST">
          <params>
            <param index="0">
              <value>
                <![CDATA[60]]>
              </value>
            </param>
            <param index="1">
              <value>
                <![CDATA[80]]>
              </value>
            </param>
            <param index="2">
              <value>
                <![CDATA[Registration date]]>
              </value>
            </param>
          </params>
          <exception class="org.openqa.selenium.NoSuchElementException">
            <message>
              <![CDATA[no such element: Unable to locate element: {"method":"css selector","selector":"select#age_max"}
  (Session info: chrome=87.0.4280.88)
For documentation on this error, please visit: https://www.seleniumhq.org/exceptions/no_such_element.html
Build info: version: '3.141.59', revision: 'e82be7d358', time: '2018-11-14T08:17:03'
System info: host: 'Victors-MacBook-Air.local', ip: '2601:241:8680:7be0:0:0:0:208a%en0', os.name: 'Mac OS X', os.arch: 'x86_64', os.version: '10.16', java.version: '1.8.0_271'
Driver info: org.openqa.selenium.chrome.ChromeDriver
Capabilities {acceptInsecureCerts: false, browserName: chrome, browserVersion: 87.0.4280.88, chrome: {chromedriverVersion: 86.0.4240.22 (398b0743353ff..., userDataDir: /var/folders/hk/_x3rb27x6d7...}, goog:chromeOptions: {debuggerAddress: localhost:54285}, javascriptEnabled: true, networkConnectionEnabled: false, pageLoadStrategy: normal, platform: MAC, platformName: MAC, proxy: Proxy(), setWindowRect: true, strictFileInteractability: false, timeouts: {implicit: 0, pageLoad: 300000, script: 30000}, unhandledPromptBehavior: dismiss and notify, webauthn:virtualAuthenticators: true}
Session ID: dc08ad9cc1888a6c9a63d72edfa0ed90
*** Element info: {Using=css selector, value=select#age_max}]]>
            </message>
            <full-stacktrace>
              <![CDATA[org.openqa.selenium.NoSuchElementException: no such element: Unable to locate element: {"method":"css selector","selector":"select#age_max"}
  (Session info: chrome=87.0.4280.88)
For documentation on this error, please visit: https://www.seleniumhq.org/exceptions/no_such_element.html
Build info: version: '3.141.59', revision: 'e82be7d358', time: '2018-11-14T08:17:03'
System info: host: 'Victors-MacBook-Air.local', ip: '2601:241:8680:7be0:0:0:0:208a%en0', os.name: 'Mac OS X', os.arch: 'x86_64', os.version: '10.16', java.version: '1.8.0_271'
Driver info: org.openqa.selenium.chrome.ChromeDriver
Capabilities {acceptInsecureCerts: false, browserName: chrome, browserVersion: 87.0.4280.88, chrome: {chromedriverVersion: 86.0.4240.22 (398b0743353ff..., userDataDir: /var/folders/hk/_x3rb27x6d7...}, goog:chromeOptions: {debuggerAddress: localhost:54285}, javascriptEnabled: true, networkConnectionEnabled: false, pageLoadStrategy: normal, platform: MAC, platformName: MAC, proxy: Proxy(), setWindowRect: true, strictFileInteractability: false, timeouts: {implicit: 0, pageLoad: 300000, script: 30000}, unhandledPromptBehavior: dismiss and notify, webauthn:virtualAuthenticators: true}
Session ID: dc08ad9cc1888a6c9a63d72edfa0ed90
*** Element info: {Using=css selector, value=select#age_max}
at sun.reflect.NativeConstructorAccessorImpl.newInstance0(Native Method)
at sun.reflect.NativeConstructorAccessorImpl.newInstance(NativeConstructorAccessorImpl.java:62)
at sun.reflect.DelegatingConstructorAccessorImpl.newInstance(DelegatingConstructorAccessorImpl.java:45)
at java.lang.reflect.Constructor.newInstance(Constructor.java:423)
at org.openqa.selenium.remote.http.W3CHttpResponseCodec.createException(W3CHttpResponseCodec.java:187)
at org.openqa.selenium.remote.http.W3CHttpResponseCodec.decode(W3CHttpResponseCodec.java:122)
at org.openqa.selenium.remote.http.W3CHttpResponseCodec.decode(W3CHttpResponseCodec.java:49)
at org.openqa.selenium.remote.HttpCommandExecutor.execute(HttpCommandExecutor.java:158)
at org.openqa.selenium.remote.service.DriverCommandExecutor.execute(DriverCommandExecutor.java:83)
at org.openqa.selenium.remote.RemoteWebDriver.execute(RemoteWebDriver.java:552)
at org.openqa.selenium.remote.RemoteWebDriver.findElement(RemoteWebDriver.java:323)
at org.openqa.selenium.remote.RemoteWebDriver.findElementByCssSelector(RemoteWebDriver.java:420)
at org.openqa.selenium.By$ByCssSelector.findElement(By.java:431)
at org.openqa.selenium.remote.RemoteWebDriver.findElement(RemoteWebDriver.java:315)
at com.romanceabroad.ui.BaseActions.getDropDownListByText(BaseActions.java:44)
at com.romanceabroad.ui.PrettyWomenTests.searchDifferentResults(PrettyWomenTests.java:60)
at sun.reflect.NativeMethodAccessorImpl.invoke0(Native Method)
at sun.reflect.NativeMethodAccessorImpl.invoke(NativeMethodAccessorImpl.java:62)
at sun.reflect.DelegatingMethodAccessorImpl.invoke(DelegatingMethodAccessorImpl.java:43)
at java.lang.reflect.Method.invoke(Method.java:498)
at org.testng.internal.MethodInvocationHelper.invokeMethod(MethodInvocationHelper.java:134)
at org.testng.internal.TestInvoker.invokeMethod(TestInvoker.java:597)
at org.testng.internal.TestInvoker.invokeTestMethod(TestInvoker.java:173)
at org.testng.internal.MethodRunner.runInSequence(MethodRunner.java:46)
at org.testng.internal.TestInvoker$MethodInvocationAgent.invoke(TestInvoker.java:816)
at org.testng.internal.TestInvoker.invokeTestMethods(TestInvoker.java:146)
at org.testng.internal.TestMethodWorker.invokeTestMethods(TestMethodWorker.java:146)
at org.testng.internal.TestMethodWorker.run(TestMethodWorker.java:128)
at java.util.ArrayList.forEach(ArrayList.java:1259)
at org.testng.TestRunner.privateRun(TestRunner.java:766)
at org.testng.TestRunner.run(TestRunner.java:587)
at org.testng.SuiteRunner.runTest(SuiteRunner.java:384)
at org.testng.SuiteRunner.runSequentially(SuiteRunner.java:378)
at org.testng.SuiteRunner.privateRun(SuiteRunner.java:337)
at org.testng.SuiteRunner.run(SuiteRunner.java:286)
at org.testng.SuiteRunnerWorker.runSuite(SuiteRunnerWorker.java:53)
at org.testng.SuiteRunnerWorker.run(SuiteRunnerWorker.java:96)
at org.testng.TestNG.runSuitesSequentially(TestNG.java:1187)
at org.testng.TestNG.runSuitesLocally(TestNG.java:1109)
at org.testng.TestNG.runSuites(TestNG.java:1039)
at org.testng.TestNG.run(TestNG.java:1007)
at org.apache.maven.surefire.testng.TestNGExecutor.run(TestNGExecutor.java:284)
at org.apache.maven.surefire.testng.TestNGXmlTestSuite.execute(TestNGXmlTestSuite.java:75)
at org.apache.maven.surefire.testng.TestNGProvider.invoke(TestNGProvider.java:119)
at org.apache.maven.surefire.booter.ForkedBooter.runSuitesInProcess(ForkedBooter.java:428)
at org.apache.maven.surefire.booter.ForkedBooter.execute(ForkedBooter.java:162)
at org.apache.maven.surefire.booter.ForkedBooter.run(ForkedBooter.java:562)
at org.apache.maven.surefire.booter.ForkedBooter.main(ForkedBooter.java:548)
]]>
            </full-stacktrace>
          </exception> <!-- org.openqa.selenium.NoSuchElementException -->
          <reporter-output>
          </reporter-output>
        </test-method> <!-- searchDifferentResults -->
        <test-method status="PASS" signature="afterActions(org.testng.ITestResult)[pri:0, instance:com.romanceabroad.ui.PrettyWomenTests@610694f1]" name="afterActions" is-config="true" duration-ms="1387" started-at="2021-01-03T17:19:07 CST" finished-at="2021-01-03T17:19:08 CST">
          <params>
            <param index="0">
              <value>
                <![CDATA[[TestResult name=searchDifferentResults status=FAILURE method=PrettyWomenTests.searchDifferentResults(java.lang.String, java.lang.String, java.lang.String)[pri:2, instance:com.romanceabroad.ui.PrettyWomenTests@610694f1] output={null}]]]>
              </value>
            </param>
          </params>
          <reporter-output>
          </reporter-output>
        </test-method> <!-- afterActions -->
        <test-method status="PASS" signature="setup(java.lang.String, java.lang.reflect.Method)[pri:0, instance:com.romanceabroad.ui.PrettyWomenTests@610694f1]" name="setup" is-config="true" duration-ms="6778" started-at="2021-01-03T17:19:08 CST" finished-at="2021-01-03T17:19:15 CST">
          <params>
            <param index="0">
              <value>
                <![CDATA[chrome]]>
              </value>
            </param>
            <param index="1">
              <value>
                <![CDATA[public void com.romanceabroad.ui.PrettyWomenTests.testSearchButtonTestCase3()]]>
              </value>
            </param>
          </params>
          <reporter-output>
          </reporter-output>
        </test-method> <!-- setup -->
        <test-method status="PASS" signature="testSearchButtonTestCase3()[pri:3, instance:com.romanceabroad.ui.PrettyWomenTests@610694f1]" name="testSearchButtonTestCase3" duration-ms="3806" started-at="2021-01-03T17:19:15 CST" finished-at="2021-01-03T17:19:19 CST">
          <reporter-output>
          </reporter-output>
        </test-method> <!-- testSearchButtonTestCase3 -->
        <test-method status="PASS" signature="afterActions(org.testng.ITestResult)[pri:0, instance:com.romanceabroad.ui.PrettyWomenTests@610694f1]" name="afterActions" is-config="true" duration-ms="505" started-at="2021-01-03T17:19:19 CST" finished-at="2021-01-03T17:19:19 CST">
          <params>
            <param index="0">
              <value>
                <![CDATA[[TestResult name=testSearchButtonTestCase3 status=SUCCESS method=PrettyWomenTests.testSearchButtonTestCase3()[pri:3, instance:com.romanceabroad.ui.PrettyWomenTests@610694f1] output={null}]]]>
              </value>
            </param>
          </params>
          <reporter-output>
          </reporter-output>
        </test-method> <!-- afterActions -->
        <test-method status="PASS" signature="setup(java.lang.String, java.lang.reflect.Method)[pri:0, instance:com.romanceabroad.ui.PrettyWomenTests@610694f1]" name="setup" is-config="true" duration-ms="6579" started-at="2021-01-03T17:19:19 CST" finished-at="2021-01-03T17:19:26 CST">
          <params>
            <param index="0">
              <value>
                <![CDATA[chrome]]>
              </value>
            </param>
            <param index="1">
              <value>
                <![CDATA[public void com.romanceabroad.ui.PrettyWomenTests.testThirdPageTestCase4()]]>
              </value>
            </param>
          </params>
          <reporter-output>
          </reporter-output>
        </test-method> <!-- setup -->
        <test-method status="PASS" signature="testThirdPageTestCase4()[pri:4, instance:com.romanceabroad.ui.PrettyWomenTests@610694f1]" name="testThirdPageTestCase4" duration-ms="6519" started-at="2021-01-03T17:19:26 CST" finished-at="2021-01-03T17:19:32 CST">
          <reporter-output>
          </reporter-output>
        </test-method> <!-- testThirdPageTestCase4 -->
        <test-method status="PASS" signature="afterActions(org.testng.ITestResult)[pri:0, instance:com.romanceabroad.ui.PrettyWomenTests@610694f1]" name="afterActions" is-config="true" duration-ms="506" started-at="2021-01-03T17:19:32 CST" finished-at="2021-01-03T17:19:33 CST">
          <params>
            <param index="0">
              <value>
                <![CDATA[[TestResult name=testThirdPageTestCase4 status=SUCCESS method=PrettyWomenTests.testThirdPageTestCase4()[pri:4, instance:com.romanceabroad.ui.PrettyWomenTests@610694f1] output={null}]]]>
              </value>
            </param>
          </params>
          <reporter-output>
          </reporter-output>
        </test-method> <!-- afterActions -->
      </class> <!-- com.romanceabroad.ui.PrettyWomenTests -->
      <class name="com.romanceabroad.ui.BlogTests">
        <test-method status="PASS" signature="setup(java.lang.String, java.lang.reflect.Method)[pri:0, instance:com.romanceabroad.ui.BlogTests@5bc79255]" name="setup" is-config="true" duration-ms="20139" started-at="2021-01-03T17:11:31 CST" finished-at="2021-01-03T17:11:51 CST">
          <params>
            <param index="0">
              <value>
                <![CDATA[chrome]]>
              </value>
            </param>
            <param index="1">
              <value>
                <![CDATA[public void com.romanceabroad.ui.BlogTests.testBlogLink()]]>
              </value>
            </param>
          </params>
          <reporter-output>
          </reporter-output>
        </test-method> <!-- setup -->
        <test-method status="PASS" signature="testBlogLink()[pri:0, instance:com.romanceabroad.ui.BlogTests@5bc79255]" name="testBlogLink" duration-ms="108452" started-at="2021-01-03T17:11:51 CST" finished-at="2021-01-03T17:13:39 CST">
          <reporter-output>
          </reporter-output>
        </test-method> <!-- testBlogLink -->
        <test-method status="PASS" signature="afterActions(org.testng.ITestResult)[pri:0, instance:com.romanceabroad.ui.BlogTests@5bc79255]" name="afterActions" is-config="true" duration-ms="1746" started-at="2021-01-03T17:13:39 CST" finished-at="2021-01-03T17:13:41 CST">
          <params>
            <param index="0">
              <value>
                <![CDATA[[TestResult name=testBlogLink status=SUCCESS method=BlogTests.testBlogLink()[pri:0, instance:com.romanceabroad.ui.BlogTests@5bc79255] output={null}]]]>
              </value>
            </param>
          </params>
          <reporter-output>
          </reporter-output>
        </test-method> <!-- afterActions -->
      </class> <!-- com.romanceabroad.ui.BlogTests -->
      <class name="com.romanceabroad.ui.TourToUkraineTests">
        <test-method status="PASS" signature="setup(java.lang.String, java.lang.reflect.Method)[pri:0, instance:com.romanceabroad.ui.TourToUkraineTests@3701eaf6]" name="setup" is-config="true" duration-ms="7868" started-at="2021-01-03T17:20:25 CST" finished-at="2021-01-03T17:20:33 CST">
          <params>
            <param index="0">
              <value>
                <![CDATA[chrome]]>
              </value>
            </param>
            <param index="1">
              <value>
                <![CDATA[public void com.romanceabroad.ui.TourToUkraineTests.testTourToUkraineLink()]]>
              </value>
            </param>
          </params>
          <reporter-output>
          </reporter-output>
        </test-method> <!-- setup -->
        <test-method status="PASS" signature="testTourToUkraineLink()[pri:0, instance:com.romanceabroad.ui.TourToUkraineTests@3701eaf6]" name="testTourToUkraineLink" duration-ms="4012" started-at="2021-01-03T17:20:33 CST" finished-at="2021-01-03T17:20:37 CST">
          <reporter-output>
          </reporter-output>
        </test-method> <!-- testTourToUkraineLink -->
        <test-method status="PASS" signature="afterActions(org.testng.ITestResult)[pri:0, instance:com.romanceabroad.ui.TourToUkraineTests@3701eaf6]" name="afterActions" is-config="true" duration-ms="347" started-at="2021-01-03T17:20:37 CST" finished-at="2021-01-03T17:20:38 CST">
          <params>
            <param index="0">
              <value>
                <![CDATA[[TestResult name=testTourToUkraineLink status=SUCCESS method=TourToUkraineTests.testTourToUkraineLink()[pri:0, instance:com.romanceabroad.ui.TourToUkraineTests@3701eaf6] output={null}]]]>
              </value>
            </param>
          </params>
          <reporter-output>
          </reporter-output>
        </test-method> <!-- afterActions -->
      </class> <!-- com.romanceabroad.ui.TourToUkraineTests -->
      <class name="com.romanceabroad.ui.RegistrationTests">
        <test-method status="PASS" signature="setup(java.lang.String, java.lang.reflect.Method)[pri:0, instance:com.romanceabroad.ui.RegistrationTests@627551fb]" name="setup" is-config="true" duration-ms="6912" started-at="2021-01-03T17:20:38 CST" finished-at="2021-01-03T17:20:45 CST">
          <params>
            <param index="0">
              <value>
                <![CDATA[chrome]]>
              </value>
            </param>
            <param index="1">
              <value>
                <![CDATA[public void com.romanceabroad.ui.RegistrationTests.testFillInformationRegistrationPage(java.lang.String,java.lang.String,boolean)]]>
              </value>
            </param>
          </params>
          <reporter-output>
          </reporter-output>
        </test-method> <!-- setup -->
        <test-method status="PASS" signature="testFillInformationRegistrationPage(java.lang.String, java.lang.String, boolean)[pri:0, instance:com.romanceabroad.ui.RegistrationTests@627551fb]" name="testFillInformationRegistrationPage" duration-ms="9288" started-at="2021-01-03T17:20:45 CST" data-provider="Registration2" finished-at="2021-01-03T17:20:54 CST">
          <params>
            <param index="0">
              <value>
                <![CDATA[1grounded@gmail.com]]>
              </value>
            </param>
            <param index="1">
              <value>
                <![CDATA[CrzboundndzXgrFF4u7pdbv169a6fXMcqVepNTXuIJIu0hQZfgragnlyIojJsyZFOTNctSPYKAG0nK3eEkbDKMNwqAL3EbD3JmML2Eip4vJ8TwOdCIlwfLpWJcK85wpondl]]>
              </value>
            </param>
            <param index="2">
              <value>
                <![CDATA[true]]>
              </value>
            </param>
          </params>
          <reporter-output>
          </reporter-output>
        </test-method> <!-- testFillInformationRegistrationPage -->
        <test-method status="PASS" signature="afterActions(org.testng.ITestResult)[pri:0, instance:com.romanceabroad.ui.RegistrationTests@627551fb]" name="afterActions" is-config="true" duration-ms="644" started-at="2021-01-03T17:20:54 CST" finished-at="2021-01-03T17:20:54 CST">
          <params>
            <param index="0">
              <value>
                <![CDATA[[TestResult name=testFillInformationRegistrationPage status=SUCCESS method=RegistrationTests.testFillInformationRegistrationPage(java.lang.String, java.lang.String, boolean)[pri:0, instance:com.romanceabroad.ui.RegistrationTests@627551fb] output={null}]]]>
              </value>
            </param>
          </params>
          <reporter-output>
          </reporter-output>
        </test-method> <!-- afterActions -->
        <test-method status="PASS" signature="setup(java.lang.String, java.lang.reflect.Method)[pri:0, instance:com.romanceabroad.ui.RegistrationTests@627551fb]" name="setup" is-config="true" duration-ms="9590" started-at="2021-01-03T17:20:54 CST" finished-at="2021-01-03T17:21:04 CST">
          <params>
            <param index="0">
              <value>
                <![CDATA[chrome]]>
              </value>
            </param>
            <param index="1">
              <value>
                <![CDATA[public void com.romanceabroad.ui.RegistrationTests.testFillInformationRegistrationPage(java.lang.String,java.lang.String,boolean)]]>
              </value>
            </param>
          </params>
          <reporter-output>
          </reporter-output>
        </test-method> <!-- setup -->
        <test-method status="PASS" signature="testFillInformationRegistrationPage(java.lang.String, java.lang.String, boolean)[pri:0, instance:com.romanceabroad.ui.RegistrationTests@627551fb]" name="testFillInformationRegistrationPage" duration-ms="717" started-at="2021-01-03T17:21:04 CST" data-provider="Registration2" finished-at="2021-01-03T17:21:05 CST">
          <params>
            <param index="0">
              <value>
                <![CDATA[2groundedmail.ru]]>
              </value>
            </param>
            <param index="1">
              <value>
                <![CDATA[CrzboundndzXgrFF4u7pdbv169a6fXMcqVepNTXuIJIu0hQZfgragnlyIojJsyZFOTNctSPYKAG0nK3eEkbDKMNwqAL3EbD3JmML2Eip4vJ8TwOdCIlwfLpWJcK85wpondl]]>
              </value>
            </param>
            <param index="2">
              <value>
                <![CDATA[false]]>
              </value>
            </param>
          </params>
          <reporter-output>
          </reporter-output>
        </test-method> <!-- testFillInformationRegistrationPage -->
        <test-method status="PASS" signature="afterActions(org.testng.ITestResult)[pri:0, instance:com.romanceabroad.ui.RegistrationTests@627551fb]" name="afterActions" is-config="true" duration-ms="402" started-at="2021-01-03T17:21:05 CST" finished-at="2021-01-03T17:21:05 CST">
          <params>
            <param index="0">
              <value>
                <![CDATA[[TestResult name=testFillInformationRegistrationPage status=SUCCESS method=RegistrationTests.testFillInformationRegistrationPage(java.lang.String, java.lang.String, boolean)[pri:0, instance:com.romanceabroad.ui.RegistrationTests@627551fb] output={null}]]]>
              </value>
            </param>
          </params>
          <reporter-output>
          </reporter-output>
        </test-method> <!-- afterActions -->
        <test-method status="PASS" signature="setup(java.lang.String, java.lang.reflect.Method)[pri:0, instance:com.romanceabroad.ui.RegistrationTests@627551fb]" name="setup" is-config="true" duration-ms="7189" started-at="2021-01-03T17:21:05 CST" finished-at="2021-01-03T17:21:12 CST">
          <params>
            <param index="0">
              <value>
                <![CDATA[chrome]]>
              </value>
            </param>
            <param index="1">
              <value>
                <![CDATA[public void com.romanceabroad.ui.RegistrationTests.testFillInformationRegistrationPage(java.lang.String,java.lang.String,boolean)]]>
              </value>
            </param>
          </params>
          <reporter-output>
          </reporter-output>
        </test-method> <!-- setup -->
        <test-method status="PASS" signature="testFillInformationRegistrationPage(java.lang.String, java.lang.String, boolean)[pri:0, instance:com.romanceabroad.ui.RegistrationTests@627551fb]" name="testFillInformationRegistrationPage" duration-ms="3356" started-at="2021-01-03T17:21:12 CST" data-provider="Registration2" finished-at="2021-01-03T17:21:16 CST">
          <params>
            <param index="0">
              <value>
                <![CDATA[3grounded@yahoo.com]]>
              </value>
            </param>
            <param index="1">
              <value>
                <![CDATA[CrzboundndzXgrFF4u7pdbv169a6fXMcqVepNTXuIJIu0hQZfgragnlyIojJsyZFOTNctSPYKAG0nK3eEkbDKMNwqAL3EbD3JmML2Eip4vJ8TwOdCIlwfLpWJcK85wpondl]]>
              </value>
            </param>
            <param index="2">
              <value>
                <![CDATA[true]]>
              </value>
            </param>
          </params>
          <reporter-output>
          </reporter-output>
        </test-method> <!-- testFillInformationRegistrationPage -->
        <test-method status="PASS" signature="afterActions(org.testng.ITestResult)[pri:0, instance:com.romanceabroad.ui.RegistrationTests@627551fb]" name="afterActions" is-config="true" duration-ms="351" started-at="2021-01-03T17:21:16 CST" finished-at="2021-01-03T17:21:16 CST">
          <params>
            <param index="0">
              <value>
                <![CDATA[[TestResult name=testFillInformationRegistrationPage status=SUCCESS method=RegistrationTests.testFillInformationRegistrationPage(java.lang.String, java.lang.String, boolean)[pri:0, instance:com.romanceabroad.ui.RegistrationTests@627551fb] output={null}]]]>
              </value>
            </param>
          </params>
          <reporter-output>
          </reporter-output>
        </test-method> <!-- afterActions -->
        <test-method status="PASS" signature="setup(java.lang.String, java.lang.reflect.Method)[pri:0, instance:com.romanceabroad.ui.RegistrationTests@627551fb]" name="setup" is-config="true" duration-ms="6738" started-at="2021-01-03T17:21:16 CST" finished-at="2021-01-03T17:21:23 CST">
          <params>
            <param index="0">
              <value>
                <![CDATA[chrome]]>
              </value>
            </param>
            <param index="1">
              <value>
                <![CDATA[public void com.romanceabroad.ui.RegistrationTests.testFillInformationRegistrationPage(java.lang.String,java.lang.String,java.lang.String,java.lang.String,java.lang.String,java.lang.String,java.lang.String,java.lang.String)]]>
              </value>
            </param>
          </params>
          <reporter-output>
          </reporter-output>
        </test-method> <!-- setup -->
        <test-method status="PASS" signature="testFillInformationRegistrationPage(java.lang.String, java.lang.String, java.lang.String, java.lang.String, java.lang.String, java.lang.String, java.lang.String, java.lang.String)[pri:0, instance:com.romanceabroad.ui.RegistrationTests@627551fb]" name="testFillInformationRegistrationPage" duration-ms="6044" started-at="2021-01-03T17:21:23 CST" data-provider="Registration" finished-at="2021-01-03T17:21:29 CST">
          <params>
            <param index="0">
              <value>
                <![CDATA[horsethebest@gmail.com]]>
              </value>
            </param>
            <param index="1">
              <value>
                <![CDATA[oemfwofmwofmwof12]]>
              </value>
            </param>
            <param index="2">
              <value>
                <![CDATA[4]]>
              </value>
            </param>
            <param index="3">
              <value>
                <![CDATA[Jun]]>
              </value>
            </param>
            <param index="4">
              <value>
                <![CDATA[1996]]>
              </value>
            </param>
            <param index="5">
              <value>
                <![CDATA[9146615378]]>
              </value>
            </param>
            <param index="6">
              <value>
                <![CDATA[Seattle]]>
              </value>
            </param>
            <param index="7">
              <value>
                <![CDATA[United States]]>
              </value>
            </param>
          </params>
          <reporter-output>
          </reporter-output>
        </test-method> <!-- testFillInformationRegistrationPage -->
        <test-method status="PASS" signature="afterActions(org.testng.ITestResult)[pri:0, instance:com.romanceabroad.ui.RegistrationTests@627551fb]" name="afterActions" is-config="true" duration-ms="352" started-at="2021-01-03T17:21:29 CST" finished-at="2021-01-03T17:21:29 CST">
          <params>
            <param index="0">
              <value>
                <![CDATA[[TestResult name=testFillInformationRegistrationPage status=SUCCESS method=RegistrationTests.testFillInformationRegistrationPage(java.lang.String, java.lang.String, java.lang.String, java.lang.String, java.lang.String, java.lang.String, java.lang.String, java.lang.String)[pri:0, instance:com.romanceabroad.ui.RegistrationTests@627551fb] output={null}]]]>
              </value>
            </param>
          </params>
          <reporter-output>
          </reporter-output>
        </test-method> <!-- afterActions -->
      </class> <!-- com.romanceabroad.ui.RegistrationTests -->
      <class name="com.romanceabroad.ui.ContactUsTests">
        <test-method status="PASS" signature="setup(java.lang.String, java.lang.reflect.Method)[pri:0, instance:com.romanceabroad.ui.ContactUsTests@5c5a1b69]" name="setup" is-config="true" duration-ms="12279" started-at="2021-01-03T17:20:02 CST" finished-at="2021-01-03T17:20:14 CST">
          <params>
            <param index="0">
              <value>
                <![CDATA[chrome]]>
              </value>
            </param>
            <param index="1">
              <value>
                <![CDATA[public void com.romanceabroad.ui.ContactUsTests.testFillInContactUsPage()]]>
              </value>
            </param>
          </params>
          <reporter-output>
          </reporter-output>
        </test-method> <!-- setup -->
        <test-method status="FAIL" signature="testFillInContactUsPage()[pri:0, instance:com.romanceabroad.ui.ContactUsTests@5c5a1b69]" name="testFillInContactUsPage" duration-ms="9416" started-at="2021-01-03T17:20:14 CST" finished-at="2021-01-03T17:20:24 CST">
          <exception class="java.lang.AssertionError">
            <message>
              <![CDATA[expected [https://romanceabroad.com/content/view/how-it-works] but found [https://romanceabroad.com/tickets/]]]>
            </message>
            <full-stacktrace>
              <![CDATA[java.lang.AssertionError: expected [https://romanceabroad.com/content/view/how-it-works] but found [https://romanceabroad.com/tickets/]
at org.testng.Assert.fail(Assert.java:97)
at org.testng.Assert.assertEqualsImpl(Assert.java:136)
at org.testng.Assert.assertEquals(Assert.java:118)
at org.testng.Assert.assertEquals(Assert.java:575)
at org.testng.Assert.assertEquals(Assert.java:585)
at com.romanceabroad.ui.ContactUsTests.testFillInContactUsPage(ContactUsTests.java:23)
at sun.reflect.NativeMethodAccessorImpl.invoke0(Native Method)
at sun.reflect.NativeMethodAccessorImpl.invoke(NativeMethodAccessorImpl.java:62)
at sun.reflect.DelegatingMethodAccessorImpl.invoke(DelegatingMethodAccessorImpl.java:43)
at java.lang.reflect.Method.invoke(Method.java:498)
at org.testng.internal.MethodInvocationHelper.invokeMethod(MethodInvocationHelper.java:134)
at org.testng.internal.TestInvoker.invokeMethod(TestInvoker.java:597)
at org.testng.internal.TestInvoker.invokeTestMethod(TestInvoker.java:173)
at org.testng.internal.MethodRunner.runInSequence(MethodRunner.java:46)
at org.testng.internal.TestInvoker$MethodInvocationAgent.invoke(TestInvoker.java:816)
at org.testng.internal.TestInvoker.invokeTestMethods(TestInvoker.java:146)
at org.testng.internal.TestMethodWorker.invokeTestMethods(TestMethodWorker.java:146)
at org.testng.internal.TestMethodWorker.run(TestMethodWorker.java:128)
at java.util.ArrayList.forEach(ArrayList.java:1259)
at org.testng.TestRunner.privateRun(TestRunner.java:766)
at org.testng.TestRunner.run(TestRunner.java:587)
at org.testng.SuiteRunner.runTest(SuiteRunner.java:384)
at org.testng.SuiteRunner.runSequentially(SuiteRunner.java:378)
at org.testng.SuiteRunner.privateRun(SuiteRunner.java:337)
at org.testng.SuiteRunner.run(SuiteRunner.java:286)
at org.testng.SuiteRunnerWorker.runSuite(SuiteRunnerWorker.java:53)
at org.testng.SuiteRunnerWorker.run(SuiteRunnerWorker.java:96)
at org.testng.TestNG.runSuitesSequentially(TestNG.java:1187)
at org.testng.TestNG.runSuitesLocally(TestNG.java:1109)
at org.testng.TestNG.runSuites(TestNG.java:1039)
at org.testng.TestNG.run(TestNG.java:1007)
at org.apache.maven.surefire.testng.TestNGExecutor.run(TestNGExecutor.java:284)
at org.apache.maven.surefire.testng.TestNGXmlTestSuite.execute(TestNGXmlTestSuite.java:75)
at org.apache.maven.surefire.testng.TestNGProvider.invoke(TestNGProvider.java:119)
at org.apache.maven.surefire.booter.ForkedBooter.runSuitesInProcess(ForkedBooter.java:428)
at org.apache.maven.surefire.booter.ForkedBooter.execute(ForkedBooter.java:162)
at org.apache.maven.surefire.booter.ForkedBooter.run(ForkedBooter.java:562)
at org.apache.maven.surefire.booter.ForkedBooter.main(ForkedBooter.java:548)
]]>
            </full-stacktrace>
          </exception> <!-- java.lang.AssertionError -->
          <reporter-output>
          </reporter-output>
        </test-method> <!-- testFillInContactUsPage -->
        <test-method status="PASS" signature="afterActions(org.testng.ITestResult)[pri:0, instance:com.romanceabroad.ui.ContactUsTests@5c5a1b69]" name="afterActions" is-config="true" duration-ms="1448" started-at="2021-01-03T17:20:24 CST" finished-at="2021-01-03T17:20:25 CST">
          <params>
            <param index="0">
              <value>
                <![CDATA[[TestResult name=testFillInContactUsPage status=FAILURE method=ContactUsTests.testFillInContactUsPage()[pri:0, instance:com.romanceabroad.ui.ContactUsTests@5c5a1b69] output={null}]]]>
              </value>
            </param>
          </params>
          <reporter-output>
          </reporter-output>
        </test-method> <!-- afterActions -->
      </class> <!-- com.romanceabroad.ui.ContactUsTests -->
      <class name="com.romanceabroad.ui.GiftsTests">
        <test-method status="PASS" signature="setup(java.lang.String, java.lang.reflect.Method)[pri:0, instance:com.romanceabroad.ui.GiftsTests@47ef968d]" name="setup" is-config="true" duration-ms="8054" started-at="2021-01-03T17:13:41 CST" finished-at="2021-01-03T17:13:49 CST">
          <params>
            <param index="0">
              <value>
                <![CDATA[chrome]]>
              </value>
            </param>
            <param index="1">
              <value>
                <![CDATA[public void com.romanceabroad.ui.GiftsTests.testGiftsLink()]]>
              </value>
            </param>
          </params>
          <reporter-output>
          </reporter-output>
        </test-method> <!-- setup -->
        <test-method status="PASS" signature="testGiftsLink()[pri:0, instance:com.romanceabroad.ui.GiftsTests@47ef968d]" name="testGiftsLink" duration-ms="2497" started-at="2021-01-03T17:13:49 CST" finished-at="2021-01-03T17:13:52 CST">
          <reporter-output>
          </reporter-output>
        </test-method> <!-- testGiftsLink -->
        <test-method status="PASS" signature="afterActions(org.testng.ITestResult)[pri:0, instance:com.romanceabroad.ui.GiftsTests@47ef968d]" name="afterActions" is-config="true" duration-ms="363" started-at="2021-01-03T17:13:52 CST" finished-at="2021-01-03T17:13:52 CST">
          <params>
            <param index="0">
              <value>
                <![CDATA[[TestResult name=testGiftsLink status=SUCCESS method=GiftsTests.testGiftsLink()[pri:0, instance:com.romanceabroad.ui.GiftsTests@47ef968d] output={null}]]]>
              </value>
            </param>
          </params>
          <reporter-output>
          </reporter-output>
        </test-method> <!-- afterActions -->
      </class> <!-- com.romanceabroad.ui.GiftsTests -->
      <class name="com.romanceabroad.ui.PhotosTests">
        <test-method status="PASS" signature="setup(java.lang.String, java.lang.reflect.Method)[pri:0, instance:com.romanceabroad.ui.PhotosTests@5ae63ade]" name="setup" is-config="true" duration-ms="6565" started-at="2021-01-03T17:14:45 CST" finished-at="2021-01-03T17:14:52 CST">
          <params>
            <param index="0">
              <value>
                <![CDATA[chrome]]>
              </value>
            </param>
            <param index="1">
              <value>
                <![CDATA[public void com.romanceabroad.ui.PhotosTests.testPhotosLink()]]>
              </value>
            </param>
          </params>
          <reporter-output>
          </reporter-output>
        </test-method> <!-- setup -->
        <test-method status="PASS" signature="testPhotosLink()[pri:1, instance:com.romanceabroad.ui.PhotosTests@5ae63ade]" name="testPhotosLink" duration-ms="4158" started-at="2021-01-03T17:14:52 CST" finished-at="2021-01-03T17:14:56 CST">
          <reporter-output>
          </reporter-output>
        </test-method> <!-- testPhotosLink -->
        <test-method status="PASS" signature="afterActions(org.testng.ITestResult)[pri:0, instance:com.romanceabroad.ui.PhotosTests@5ae63ade]" name="afterActions" is-config="true" duration-ms="450" started-at="2021-01-03T17:14:56 CST" finished-at="2021-01-03T17:14:57 CST">
          <params>
            <param index="0">
              <value>
                <![CDATA[[TestResult name=testPhotosLink status=SUCCESS method=PhotosTests.testPhotosLink()[pri:1, instance:com.romanceabroad.ui.PhotosTests@5ae63ade] output={null}]]]>
              </value>
            </param>
          </params>
          <reporter-output>
          </reporter-output>
        </test-method> <!-- afterActions -->
        <test-method status="PASS" signature="setup(java.lang.String, java.lang.reflect.Method)[pri:0, instance:com.romanceabroad.ui.PhotosTests@5ae63ade]" name="setup" is-config="true" duration-ms="7775" started-at="2021-01-03T17:14:57 CST" finished-at="2021-01-03T17:15:04 CST">
          <params>
            <param index="0">
              <value>
                <![CDATA[chrome]]>
              </value>
            </param>
            <param index="1">
              <value>
                <![CDATA[public void com.romanceabroad.ui.PhotosTests.testClickButtonAddPhoto()]]>
              </value>
            </param>
          </params>
          <reporter-output>
          </reporter-output>
        </test-method> <!-- setup -->
        <test-method status="PASS" signature="testClickButtonAddPhoto()[pri:2, instance:com.romanceabroad.ui.PhotosTests@5ae63ade]" name="testClickButtonAddPhoto" duration-ms="4207" started-at="2021-01-03T17:15:04 CST" finished-at="2021-01-03T17:15:09 CST">
          <reporter-output>
          </reporter-output>
        </test-method> <!-- testClickButtonAddPhoto -->
        <test-method status="PASS" signature="afterActions(org.testng.ITestResult)[pri:0, instance:com.romanceabroad.ui.PhotosTests@5ae63ade]" name="afterActions" is-config="true" duration-ms="334" started-at="2021-01-03T17:15:09 CST" finished-at="2021-01-03T17:15:09 CST">
          <params>
            <param index="0">
              <value>
                <![CDATA[[TestResult name=testClickButtonAddPhoto status=SUCCESS method=PhotosTests.testClickButtonAddPhoto()[pri:2, instance:com.romanceabroad.ui.PhotosTests@5ae63ade] output={null}]]]>
              </value>
            </param>
          </params>
          <reporter-output>
          </reporter-output>
        </test-method> <!-- afterActions -->
        <test-method status="PASS" signature="setup(java.lang.String, java.lang.reflect.Method)[pri:0, instance:com.romanceabroad.ui.PhotosTests@5ae63ade]" name="setup" is-config="true" duration-ms="6146" started-at="2021-01-03T17:15:09 CST" finished-at="2021-01-03T17:15:15 CST">
          <params>
            <param index="0">
              <value>
                <![CDATA[chrome]]>
              </value>
            </param>
            <param index="1">
              <value>
                <![CDATA[public void com.romanceabroad.ui.PhotosTests.testTabs()]]>
              </value>
            </param>
          </params>
          <reporter-output>
          </reporter-output>
        </test-method> <!-- setup -->
        <test-method status="PASS" signature="testTabs()[pri:3, instance:com.romanceabroad.ui.PhotosTests@5ae63ade]" name="testTabs" duration-ms="3235" started-at="2021-01-03T17:15:15 CST" finished-at="2021-01-03T17:15:18 CST">
          <reporter-output>
          </reporter-output>
        </test-method> <!-- testTabs -->
        <test-method status="PASS" signature="afterActions(org.testng.ITestResult)[pri:0, instance:com.romanceabroad.ui.PhotosTests@5ae63ade]" name="afterActions" is-config="true" duration-ms="357" started-at="2021-01-03T17:15:18 CST" finished-at="2021-01-03T17:15:19 CST">
          <params>
            <param index="0">
              <value>
                <![CDATA[[TestResult name=testTabs status=SUCCESS method=PhotosTests.testTabs()[pri:3, instance:com.romanceabroad.ui.PhotosTests@5ae63ade] output={null}]]]>
              </value>
            </param>
          </params>
          <reporter-output>
          </reporter-output>
        </test-method> <!-- afterActions -->
      </class> <!-- com.romanceabroad.ui.PhotosTests -->
      <class name="com.romanceabroad.ui.MainTests">
        <test-method status="PASS" signature="setup(java.lang.String, java.lang.reflect.Method)[pri:0, instance:com.romanceabroad.ui.MainTests@3dd4520b]" name="setup" is-config="true" duration-ms="6659" started-at="2021-01-03T17:14:21 CST" finished-at="2021-01-03T17:14:27 CST">
          <params>
            <param index="0">
              <value>
                <![CDATA[chrome]]>
              </value>
            </param>
            <param index="1">
              <value>
                <![CDATA[public void com.romanceabroad.ui.MainTests.testYoutubePlayButtonTestCase9()]]>
              </value>
            </param>
          </params>
          <reporter-output>
          </reporter-output>
        </test-method> <!-- setup -->
        <test-method status="PASS" signature="testYoutubePlayButtonTestCase9()[pri:1, instance:com.romanceabroad.ui.MainTests@3dd4520b]" name="testYoutubePlayButtonTestCase9" duration-ms="3202" started-at="2021-01-03T17:14:27 CST" finished-at="2021-01-03T17:14:31 CST">
          <reporter-output>
          </reporter-output>
        </test-method> <!-- testYoutubePlayButtonTestCase9 -->
        <test-method status="PASS" signature="afterActions(org.testng.ITestResult)[pri:0, instance:com.romanceabroad.ui.MainTests@3dd4520b]" name="afterActions" is-config="true" duration-ms="387" started-at="2021-01-03T17:14:31 CST" finished-at="2021-01-03T17:14:31 CST">
          <params>
            <param index="0">
              <value>
                <![CDATA[[TestResult name=testYoutubePlayButtonTestCase9 status=SUCCESS method=MainTests.testYoutubePlayButtonTestCase9()[pri:1, instance:com.romanceabroad.ui.MainTests@3dd4520b] output={null}]]]>
              </value>
            </param>
          </params>
          <reporter-output>
          </reporter-output>
        </test-method> <!-- afterActions -->
        <test-method status="PASS" signature="setup(java.lang.String, java.lang.reflect.Method)[pri:0, instance:com.romanceabroad.ui.MainTests@3dd4520b]" name="setup" is-config="true" duration-ms="6878" started-at="2021-01-03T17:14:31 CST" finished-at="2021-01-03T17:14:38 CST">
          <params>
            <param index="0">
              <value>
                <![CDATA[chrome]]>
              </value>
            </param>
            <param index="1">
              <value>
                <![CDATA[public void com.romanceabroad.ui.MainTests.testCheckCountTitlesTestCase10()]]>
              </value>
            </param>
          </params>
          <reporter-output>
          </reporter-output>
        </test-method> <!-- setup -->
        <test-method status="PASS" signature="testCheckCountTitlesTestCase10()[pri:2, instance:com.romanceabroad.ui.MainTests@3dd4520b]" name="testCheckCountTitlesTestCase10" duration-ms="76" started-at="2021-01-03T17:14:38 CST" finished-at="2021-01-03T17:14:38 CST">
          <reporter-output>
          </reporter-output>
        </test-method> <!-- testCheckCountTitlesTestCase10 -->
        <test-method status="PASS" signature="afterActions(org.testng.ITestResult)[pri:0, instance:com.romanceabroad.ui.MainTests@3dd4520b]" name="afterActions" is-config="true" duration-ms="353" started-at="2021-01-03T17:14:38 CST" finished-at="2021-01-03T17:14:38 CST">
          <params>
            <param index="0">
              <value>
                <![CDATA[[TestResult name=testCheckCountTitlesTestCase10 status=SUCCESS method=MainTests.testCheckCountTitlesTestCase10()[pri:2, instance:com.romanceabroad.ui.MainTests@3dd4520b] output={null}]]]>
              </value>
            </param>
          </params>
          <reporter-output>
          </reporter-output>
        </test-method> <!-- afterActions -->
        <test-method status="PASS" signature="setup(java.lang.String, java.lang.reflect.Method)[pri:0, instance:com.romanceabroad.ui.MainTests@3dd4520b]" name="setup" is-config="true" duration-ms="6618" started-at="2021-01-03T17:14:38 CST" finished-at="2021-01-03T17:14:45 CST">
          <params>
            <param index="0">
              <value>
                <![CDATA[chrome]]>
              </value>
            </param>
            <param index="1">
              <value>
                <![CDATA[public void com.romanceabroad.ui.MainTests.testCheckMainTitlesTestCase11()]]>
              </value>
            </param>
          </params>
          <reporter-output>
          </reporter-output>
        </test-method> <!-- setup -->
        <test-method status="PASS" signature="testCheckMainTitlesTestCase11()[pri:3, instance:com.romanceabroad.ui.MainTests@3dd4520b]" name="testCheckMainTitlesTestCase11" duration-ms="134" started-at="2021-01-03T17:14:45 CST" finished-at="2021-01-03T17:14:45 CST">
          <reporter-output>
          </reporter-output>
        </test-method> <!-- testCheckMainTitlesTestCase11 -->
        <test-method status="PASS" signature="afterActions(org.testng.ITestResult)[pri:0, instance:com.romanceabroad.ui.MainTests@3dd4520b]" name="afterActions" is-config="true" duration-ms="317" started-at="2021-01-03T17:14:45 CST" finished-at="2021-01-03T17:14:45 CST">
          <params>
            <param index="0">
              <value>
                <![CDATA[[TestResult name=testCheckMainTitlesTestCase11 status=SUCCESS method=MainTests.testCheckMainTitlesTestCase11()[pri:3, instance:com.romanceabroad.ui.MainTests@3dd4520b] output={null}]]]>
              </value>
            </param>
          </params>
          <reporter-output>
          </reporter-output>
        </test-method> <!-- afterActions -->
      </class> <!-- com.romanceabroad.ui.MainTests -->
    </test> <!-- ChromeTestCases -->
  </suite> <!-- TestSuite -->
</testng-results>
