<html>
<head>
<title>TestNG:  ChromeTestCases</title>
<link href="../testng.css" rel="stylesheet" type="text/css" />
<link href="../my-testng.css" rel="stylesheet" type="text/css" />

<style type="text/css">
.log { display: none;} 
.stack-trace { display: none;} 
</style>
<script type="text/javascript">
<!--
function flip(e) {
  current = e.style.display;
  if (current == 'block') {
    e.style.display = 'none';
    return 0;
  }
  else {
    e.style.display = 'block';
    return 1;
  }
}

function toggleBox(szDivId, elem, msg1, msg2)
{
  var res = -1;  if (document.getElementById) {
    res = flip(document.getElementById(szDivId));
  }
  else if (document.all) {
    // this is the way old msie versions work
    res = flip(document.all[szDivId]);
  }
  if(elem) {
    if(res == 0) elem.innerHTML = msg1; else elem.innerHTML = msg2;
  }

}

function toggleAllBoxes() {
  if (document.getElementsByTagName) {
    d = document.getElementsByTagName('div');
    for (i = 0; i < d.length; i++) {
      if (d[i].className == 'log') {
        flip(d[i]);
      }
    }
  }
}

// -->
</script>

</head>
<body>
<h2 align='center'>ChromeTestCases</h2><table border='1' align="center">
<tr>
<td>Tests passed/Failed/Skipped:</td><td>25/1/0</td>
</tr><tr>
<td>Started on:</td><td>Mon Jan 04 14:53:53 CST 2021</td>
</tr>
<tr><td>Total time:</td><td>612 seconds (612997 ms)</td>
</tr><tr>
<td>Included groups:</td><td>admin user </td>
</tr><tr>
<td>Excluded groups:</td><td></td>
</tr>
</table><p/>
<small><i>(Hover the method name to see the test class name)</i></small><p/>
<table width='100%' border='1' class='invocation-failed'>
<tr><td colspan='4' align='center'><b>FAILED TESTS</b></td></tr>
<tr><td><b>Test method</b></td>
<td width="30%"><b>Exception</b></td>
<td width="10%"><b>Time (seconds)</b></td>
<td><b>Instance</b></td>
</tr>
<tr>
<td title='com.romanceabroad.ui.PhotosTests.testTabs()'><b>testTabs</b><br>Test class: com.romanceabroad.ui.PhotosTests</td>
<td><div><pre>org.openqa.selenium.NoSuchElementException: no such element: Unable to locate element: {&quot;method&quot;:&quot;xpath&quot;,&quot;selector&quot;:&quot;//h1&quot;}
  (Session info: chrome=87.0.4280.88)
For documentation on this error, please visit: https://www.seleniumhq.org/exceptions/no_such_element.html
Build info: version: &apos;3.141.59&apos;, revision: &apos;e82be7d358&apos;, time: &apos;2018-11-14T08:17:03&apos;
System info: host: &apos;Victors-MacBook-Air.local&apos;, ip: &apos;2601:241:8680:7be0:0:0:0:208a%en0&apos;, os.name: &apos;Mac OS X&apos;, os.arch: &apos;x86_64&apos;, os.version: &apos;10.16&apos;, java.version: &apos;1.8.0_271&apos;
Driver info: org.openqa.selenium.chrome.ChromeDriver
Capabilities {acceptInsecureCerts: false, browserName: chrome, browserVersion: 87.0.4280.88, chrome: {chromedriverVersion: 86.0.4240.22 (398b0743353ff..., userDataDir: /var/folders/hk/_x3rb27x6d7...}, goog:chromeOptions: {debuggerAddress: localhost:64573}, javascriptEnabled: true, networkConnectionEnabled: false, pageLoadStrategy: normal, platform: MAC, platformName: MAC, proxy: Proxy(), setWindowRect: true, strictFileInteractability: false, timeouts: {implicit: 0, pageLoad: 300000, script: 30000}, unhandledPromptBehavior: dismiss and notify, webauthn:virtualAuthenticators: true}
Session ID: 226a00c0d745748a3bb37e38c5ea07b5
*** Element info: {Using=xpath, value=//h1}
	at org.openqa.selenium.remote.http.W3CHttpResponseCodec.createException(W3CHttpResponseCodec.java:187)
	at org.openqa.selenium.remote.http.W3CHttpResponseCodec.decode(W3CHttpResponseCodec.java:122)
	at org.openqa.selenium.remote.http.W3CHttpResponseCodec.decode(W3CHttpResponseCodec.java:49)
	at org.openqa.selenium.remote.HttpCommandExecutor.execute(HttpCommandExecutor.java:158)
	at org.openqa.selenium.remote.service.DriverCommandExecutor.execute(DriverCommandExecutor.java:83)
	at org.openqa.selenium.remote.RemoteWebDriver.execute(RemoteWebDriver.java:552)
	at org.openqa.selenium.remote.RemoteWebDriver.findElement(RemoteWebDriver.java:323)
	at org.openqa.selenium.remote.RemoteWebDriver.findElementByXPath(RemoteWebDriver.java:428)
	at org.openqa.selenium.By$ByXPath.findElement(By.java:353)
	at org.openqa.selenium.remote.RemoteWebDriver.findElement(RemoteWebDriver.java:315)
	at com.romanceabroad.ui.BaseActions.getAnyTitle(BaseActions.java:210)
	at com.romanceabroad.ui.PhotosTests.testTabs(PhotosTests.java:46)
	at java.util.ArrayList.forEach(ArrayList.java:1259)
... Removed 35 stack frames</pre></div><a href='#' onClick='toggleBox("stack-trace1170399398", this, "Click to show all stack frames", "Click to hide stack frames")'>Click to show all stack frames</a>
<div class='stack-trace' id='stack-trace1170399398'><pre>org.openqa.selenium.NoSuchElementException: no such element: Unable to locate element: {&quot;method&quot;:&quot;xpath&quot;,&quot;selector&quot;:&quot;//h1&quot;}
  (Session info: chrome=87.0.4280.88)
For documentation on this error, please visit: https://www.seleniumhq.org/exceptions/no_such_element.html
Build info: version: &apos;3.141.59&apos;, revision: &apos;e82be7d358&apos;, time: &apos;2018-11-14T08:17:03&apos;
System info: host: &apos;Victors-MacBook-Air.local&apos;, ip: &apos;2601:241:8680:7be0:0:0:0:208a%en0&apos;, os.name: &apos;Mac OS X&apos;, os.arch: &apos;x86_64&apos;, os.version: &apos;10.16&apos;, java.version: &apos;1.8.0_271&apos;
Driver info: org.openqa.selenium.chrome.ChromeDriver
Capabilities {acceptInsecureCerts: false, browserName: chrome, browserVersion: 87.0.4280.88, chrome: {chromedriverVersion: 86.0.4240.22 (398b0743353ff..., userDataDir: /var/folders/hk/_x3rb27x6d7...}, goog:chromeOptions: {debuggerAddress: localhost:64573}, javascriptEnabled: true, networkConnectionEnabled: false, pageLoadStrategy: normal, platform: MAC, platformName: MAC, proxy: Proxy(), setWindowRect: true, strictFileInteractability: false, timeouts: {implicit: 0, pageLoad: 300000, script: 30000}, unhandledPromptBehavior: dismiss and notify, webauthn:virtualAuthenticators: true}
Session ID: 226a00c0d745748a3bb37e38c5ea07b5
*** Element info: {Using=xpath, value=//h1}
	at sun.reflect.NativeConstructorAccessorImpl.newInstance0(Native Method)
	at sun.reflect.NativeConstructorAccessorImpl.newInstance(NativeConstructorAccessorImpl.java:62)
	at sun.reflect.DelegatingConstructorAccessorImpl.newInstance(DelegatingConstructorAccessorImpl.java:45)
	at java.lang.reflect.Constructor.newInstance(Constructor.java:423)
	at org.openqa.selenium.remote.http.W3CHttpResponseCodec.createException(W3CHttpResponseCodec.java:187)
	at org.openqa.selenium.remote.http.W3CHttpResponseCodec.decode(W3CHttpResponseCodec.java:122)
	at org.openqa.selenium.remote.http.W3CHttpResponseCodec.decode(W3CHttpResponseCodec.java:49)
	at org.openqa.selenium.remote.HttpCommandExecutor.execute(HttpCommandExecutor.java:158)
	at org.openqa.selenium.remote.service.DriverCommandExecutor.execute(DriverCommandExecutor.java:83)
	at org.openqa.selenium.remote.RemoteWebDriver.execute(RemoteWebDriver.java:552)
	at org.openqa.selenium.remote.RemoteWebDriver.findElement(RemoteWebDriver.java:323)
	at org.openqa.selenium.remote.RemoteWebDriver.findElementByXPath(RemoteWebDriver.java:428)
	at org.openqa.selenium.By$ByXPath.findElement(By.java:353)
	at org.openqa.selenium.remote.RemoteWebDriver.findElement(RemoteWebDriver.java:315)
	at com.romanceabroad.ui.BaseActions.getAnyTitle(BaseActions.java:210)
	at com.romanceabroad.ui.PhotosTests.testTabs(PhotosTests.java:46)
	at sun.reflect.NativeMethodAccessorImpl.invoke0(Native Method)
	at sun.reflect.NativeMethodAccessorImpl.invoke(NativeMethodAccessorImpl.java:62)
	at sun.reflect.DelegatingMethodAccessorImpl.invoke(DelegatingMethodAccessorImpl.java:43)
	at java.lang.reflect.Method.invoke(Method.java:498)
	at org.testng.internal.MethodInvocationHelper.invokeMethod(MethodInvocationHelper.java:134)
	at org.testng.internal.TestInvoker.invokeMethod(TestInvoker.java:597)
	at org.testng.internal.TestInvoker.invokeTestMethod(TestInvoker.java:173)
	at org.testng.internal.MethodRunner.runInSequence(MethodRunner.java:46)
	at org.testng.internal.TestInvoker$MethodInvocationAgent.invoke(TestInvoker.java:816)
	at org.testng.internal.TestInvoker.invokeTestMethods(TestInvoker.java:146)
	at org.testng.internal.TestMethodWorker.invokeTestMethods(TestMethodWorker.java:146)
	at org.testng.internal.TestMethodWorker.run(TestMethodWorker.java:128)
	at java.util.ArrayList.forEach(ArrayList.java:1259)
	at org.testng.TestRunner.privateRun(TestRunner.java:766)
	at org.testng.TestRunner.run(TestRunner.java:587)
	at org.testng.SuiteRunner.runTest(SuiteRunner.java:384)
	at org.testng.SuiteRunner.runSequentially(SuiteRunner.java:378)
	at org.testng.SuiteRunner.privateRun(SuiteRunner.java:337)
	at org.testng.SuiteRunner.run(SuiteRunner.java:286)
	at org.testng.SuiteRunnerWorker.runSuite(SuiteRunnerWorker.java:53)
	at org.testng.SuiteRunnerWorker.run(SuiteRunnerWorker.java:96)
	at org.testng.TestNG.runSuitesSequentially(TestNG.java:1187)
	at org.testng.TestNG.runSuitesLocally(TestNG.java:1109)
	at org.testng.TestNG.runSuites(TestNG.java:1039)
	at org.testng.TestNG.run(TestNG.java:1007)
	at org.apache.maven.surefire.testng.TestNGExecutor.run(TestNGExecutor.java:284)
	at org.apache.maven.surefire.testng.TestNGXmlTestSuite.execute(TestNGXmlTestSuite.java:75)
	at org.apache.maven.surefire.testng.TestNGProvider.invoke(TestNGProvider.java:119)
	at org.apache.maven.surefire.booter.ForkedBooter.runSuitesInProcess(ForkedBooter.java:428)
	at org.apache.maven.surefire.booter.ForkedBooter.execute(ForkedBooter.java:162)
	at org.apache.maven.surefire.booter.ForkedBooter.run(ForkedBooter.java:562)
	at org.apache.maven.surefire.booter.ForkedBooter.main(ForkedBooter.java:548)
</pre></div></td>
<td>3</td>
<td>com.romanceabroad.ui.PhotosTests@5ae63ade</td></tr>
</table><p>
<table width='100%' border='1' class='invocation-passed'>
<tr><td colspan='4' align='center'><b>PASSED TESTS</b></td></tr>
<tr><td><b>Test method</b></td>
<td width="30%"><b>Exception</b></td>
<td width="10%"><b>Time (seconds)</b></td>
<td><b>Instance</b></td>
</tr>
<tr>
<td title='com.romanceabroad.ui.PrettyWomenTests.searchDifferentResults()'><b>searchDifferentResults</b><br>Test class: com.romanceabroad.ui.PrettyWomenTests<br>Parameters: 18, 80, Default</td>
<td></td>
<td>84</td>
<td>com.romanceabroad.ui.PrettyWomenTests@610694f1</td></tr>
<tr>
<td title='com.romanceabroad.ui.PrettyWomenTests.searchDifferentResults()'><b>searchDifferentResults</b><br>Test class: com.romanceabroad.ui.PrettyWomenTests<br>Parameters: 18, 19, Name</td>
<td></td>
<td>9</td>
<td>com.romanceabroad.ui.PrettyWomenTests@610694f1</td></tr>
<tr>
<td title='com.romanceabroad.ui.PrettyWomenTests.searchDifferentResults()'><b>searchDifferentResults</b><br>Test class: com.romanceabroad.ui.PrettyWomenTests<br>Parameters: 30, 40, Views</td>
<td></td>
<td>83</td>
<td>com.romanceabroad.ui.PrettyWomenTests@610694f1</td></tr>
<tr>
<td title='com.romanceabroad.ui.PrettyWomenTests.searchDifferentResults()'><b>searchDifferentResults</b><br>Test class: com.romanceabroad.ui.PrettyWomenTests<br>Parameters: 60, 80, Registration date</td>
<td></td>
<td>10</td>
<td>com.romanceabroad.ui.PrettyWomenTests@610694f1</td></tr>
<tr>
<td title='com.romanceabroad.ui.BlogTests.testBlogLink()'><b>testBlogLink</b><br>Test class: com.romanceabroad.ui.BlogTests</td>
<td></td>
<td>112</td>
<td>com.romanceabroad.ui.BlogTests@5bc79255</td></tr>
<tr>
<td title='com.romanceabroad.ui.MainTests.testCheckCountTitlesTestCase10()'><b>testCheckCountTitlesTestCase10</b><br>Test class: com.romanceabroad.ui.MainTests</td>
<td></td>
<td>0</td>
<td>com.romanceabroad.ui.MainTests@3dd4520b</td></tr>
<tr>
<td title='com.romanceabroad.ui.MainTests.testCheckMainTitlesTestCase11()'><b>testCheckMainTitlesTestCase11</b><br>Test class: com.romanceabroad.ui.MainTests</td>
<td></td>
<td>0</td>
<td>com.romanceabroad.ui.MainTests@3dd4520b</td></tr>
<tr>
<td title='com.romanceabroad.ui.PhotosTests.testClickButtonAddPhoto()'><b>testClickButtonAddPhoto</b><br>Test class: com.romanceabroad.ui.PhotosTests</td>
<td></td>
<td>4</td>
<td>com.romanceabroad.ui.PhotosTests@5ae63ade</td></tr>
<tr>
<td title='com.romanceabroad.ui.HowWeWorkTests.testCountPagesContentTestCase14()'><b>testCountPagesContentTestCase14</b><br>Test class: com.romanceabroad.ui.HowWeWorkTests</td>
<td></td>
<td>3</td>
<td>com.romanceabroad.ui.HowWeWorkTests@23e028a9</td></tr>
<tr>
<td title='com.romanceabroad.ui.ContactUsTests.testFillInContactUsPage()'><b>testFillInContactUsPage</b><br>Test class: com.romanceabroad.ui.ContactUsTests</td>
<td></td>
<td>8</td>
<td>com.romanceabroad.ui.ContactUsTests@5c5a1b69</td></tr>
<tr>
<td title='com.romanceabroad.ui.RegistrationTests.testFillInformationRegistrationPage()'><b>testFillInformationRegistrationPage</b><br>Test class: com.romanceabroad.ui.RegistrationTests<br>Parameters: 1grounded@gmail.com, Crzbound9uNZnZVpae5Lhwxn4LhdRFQFaBElFyqIoIatys5adC2nFi1aNAOAVeKM4nfI6jZU3wHCLdcQUMjbH0RfXqUjcW8zRGJn7praXu3lZKACnTxTR3ZnAS0GOOyvS66, true</td>
<td></td>
<td>4</td>
<td>com.romanceabroad.ui.RegistrationTests@627551fb</td></tr>
<tr>
<td title='com.romanceabroad.ui.RegistrationTests.testFillInformationRegistrationPage()'><b>testFillInformationRegistrationPage</b><br>Test class: com.romanceabroad.ui.RegistrationTests<br>Parameters: 2groundedmail.ru, Crzbound9uNZnZVpae5Lhwxn4LhdRFQFaBElFyqIoIatys5adC2nFi1aNAOAVeKM4nfI6jZU3wHCLdcQUMjbH0RfXqUjcW8zRGJn7praXu3lZKACnTxTR3ZnAS0GOOyvS66, false</td>
<td></td>
<td>0</td>
<td>com.romanceabroad.ui.RegistrationTests@627551fb</td></tr>
<tr>
<td title='com.romanceabroad.ui.RegistrationTests.testFillInformationRegistrationPage()'><b>testFillInformationRegistrationPage</b><br>Test class: com.romanceabroad.ui.RegistrationTests<br>Parameters: 3grounded@yahoo.com, Crzbound9uNZnZVpae5Lhwxn4LhdRFQFaBElFyqIoIatys5adC2nFi1aNAOAVeKM4nfI6jZU3wHCLdcQUMjbH0RfXqUjcW8zRGJn7praXu3lZKACnTxTR3ZnAS0GOOyvS66, true</td>
<td></td>
<td>3</td>
<td>com.romanceabroad.ui.RegistrationTests@627551fb</td></tr>
<tr>
<td title='com.romanceabroad.ui.RegistrationTests.testFillInformationRegistrationPage()'><b>testFillInformationRegistrationPage</b><br>Test class: com.romanceabroad.ui.RegistrationTests<br>Parameters: horsethebest@gmail.com, oemfwofmwofmwof12, 4, Jun, 1996, 9146615378, Seattle, United States</td>
<td></td>
<td>5</td>
<td>com.romanceabroad.ui.RegistrationTests@627551fb</td></tr>
<tr>
<td title='com.romanceabroad.ui.GiftsTests.testGiftsLink()'><b>testGiftsLink</b><br>Test class: com.romanceabroad.ui.GiftsTests</td>
<td></td>
<td>1</td>
<td>com.romanceabroad.ui.GiftsTests@47ef968d</td></tr>
<tr>
<td title='com.romanceabroad.ui.HowWeWorkTests.testHowWeWorkLink()'><b>testHowWeWorkLink</b><br>Test class: com.romanceabroad.ui.HowWeWorkTests</td>
<td></td>
<td>2</td>
<td>com.romanceabroad.ui.HowWeWorkTests@23e028a9</td></tr>
<tr>
<td title='com.romanceabroad.ui.HowWeWorkTests.testMainTitleTestCase13()'><b>testMainTitleTestCase13</b><br>Test class: com.romanceabroad.ui.HowWeWorkTests</td>
<td></td>
<td>3</td>
<td>com.romanceabroad.ui.HowWeWorkTests@23e028a9</td></tr>
<tr>
<td title='com.romanceabroad.ui.PhotosTests.testPhotosLink()'><b>testPhotosLink</b><br>Test class: com.romanceabroad.ui.PhotosTests</td>
<td></td>
<td>3</td>
<td>com.romanceabroad.ui.PhotosTests@5ae63ade</td></tr>
<tr>
<td title='com.romanceabroad.ui.PrettyWomenTests.testPrettyWomenLink()'><b>testPrettyWomenLink</b><br>Test class: com.romanceabroad.ui.PrettyWomenTests</td>
<td></td>
<td>6</td>
<td>com.romanceabroad.ui.PrettyWomenTests@610694f1</td></tr>
<tr>
<td title='com.romanceabroad.ui.PrettyWomenTests.testSearchButtonTestCase3()'><b>testSearchButtonTestCase3</b><br>Test class: com.romanceabroad.ui.PrettyWomenTests</td>
<td></td>
<td>3</td>
<td>com.romanceabroad.ui.PrettyWomenTests@610694f1</td></tr>
<tr>
<td title='com.romanceabroad.ui.SignInTests.testSignInFillInLoginPassword()'><b>testSignInFillInLoginPassword</b><br>Test class: com.romanceabroad.ui.SignInTests<br>Parameters: uhduwuw@.com, vfsdssveegf, false</td>
<td></td>
<td>1</td>
<td>com.romanceabroad.ui.SignInTests@43814d18</td></tr>
<tr>
<td title='com.romanceabroad.ui.SignInTests.testSignInFillInLoginPassword()'><b>testSignInFillInLoginPassword</b><br>Test class: com.romanceabroad.ui.SignInTests<br>Parameters: manthesky@gmail.com, ooaxoamaooom450941!, true</td>
<td></td>
<td>1</td>
<td>com.romanceabroad.ui.SignInTests@43814d18</td></tr>
<tr>
<td title='com.romanceabroad.ui.PrettyWomenTests.testThirdPageTestCase4()'><b>testThirdPageTestCase4</b><br>Test class: com.romanceabroad.ui.PrettyWomenTests</td>
<td></td>
<td>8</td>
<td>com.romanceabroad.ui.PrettyWomenTests@610694f1</td></tr>
<tr>
<td title='com.romanceabroad.ui.TourToUkraineTests.testTourToUkraineLink()'><b>testTourToUkraineLink</b><br>Test class: com.romanceabroad.ui.TourToUkraineTests</td>
<td></td>
<td>4</td>
<td>com.romanceabroad.ui.TourToUkraineTests@3701eaf6</td></tr>
<tr>
<td title='com.romanceabroad.ui.MainTests.testYoutubePlayButtonTestCase9()'><b>testYoutubePlayButtonTestCase9</b><br>Test class: com.romanceabroad.ui.MainTests</td>
<td></td>
<td>3</td>
<td>com.romanceabroad.ui.MainTests@3dd4520b</td></tr>
</table><p>
</body>
</html>