<?xml version="1.0" encoding="UTF-8"?>
<!-- Generated by org.testng.reporters.JUnitXMLReporter -->
<testsuite hostname="Victors-MacBook-Air.local" ignored="3" name="ChromeTestCases" tests="26" failures="1" timestamp="2021-01-04T15:04:06 CST" time="612.997" errors="0">
  <testcase name="testBlogLink" time="112.275" classname="com.romanceabroad.ui.BlogTests"/>
  <testcase name="testGiftsLink" time="1.998" classname="com.romanceabroad.ui.GiftsTests"/>
  <testcase name="testHowWeWorkLink" time="2.244" classname="com.romanceabroad.ui.HowWeWorkTests"/>
  <testcase name="testMainTitleTestCase13" time="3.343" classname="com.romanceabroad.ui.HowWeWorkTests"/>
  <testcase name="testCountPagesContentTestCase14" time="3.472" classname="com.romanceabroad.ui.HowWeWorkTests"/>
  <testcase name="testYoutubePlayButtonTestCase9" time="3.337" classname="com.romanceabroad.ui.MainTests"/>
  <testcase name="testCheckCountTitlesTestCase10" time="0.071" classname="com.romanceabroad.ui.MainTests"/>
  <testcase name="testCheckMainTitlesTestCase11" time="0.115" classname="com.romanceabroad.ui.MainTests"/>
  <testcase name="testPhotosLink" time="3.616" classname="com.romanceabroad.ui.PhotosTests"/>
  <testcase name="testClickButtonAddPhoto" time="4.251" classname="com.romanceabroad.ui.PhotosTests"/>
  <testcase name="testTabs" time="3.016" classname="com.romanceabroad.ui.PhotosTests">
    <failure type="org.openqa.selenium.NoSuchElementException" message="no such element: Unable to locate element: {&amp;quot;method&amp;quot;:&amp;quot;xpath&amp;quot;,&amp;quot;selector&amp;quot;:&amp;quot;//h1&amp;quot;}
  (Session info: chrome=87.0.4280.88)
For documentation on this error, please visit: https://www.seleniumhq.org/exceptions/no_such_element.html
Build info: version: &amp;apos;3.141.59&amp;apos;, revision: &amp;apos;e82be7d358&amp;apos;, time: &amp;apos;2018-11-14T08:17:03&amp;apos;
System info: host: &amp;apos;Victors-MacBook-Air.local&amp;apos;, ip: &amp;apos;2601:241:8680:7be0:0:0:0:208a%en0&amp;apos;, os.name: &amp;apos;Mac OS X&amp;apos;, os.arch: &amp;apos;x86_64&amp;apos;, os.version: &amp;apos;10.16&amp;apos;, java.version: &amp;apos;1.8.0_271&amp;apos;
Driver info: org.openqa.selenium.chrome.ChromeDriver
Capabilities {acceptInsecureCerts: false, browserName: chrome, browserVersion: 87.0.4280.88, chrome: {chromedriverVersion: 86.0.4240.22 (398b0743353ff..., userDataDir: /var/folders/hk/_x3rb27x6d7...}, goog:chromeOptions: {debuggerAddress: localhost:64573}, javascriptEnabled: true, networkConnectionEnabled: false, pageLoadStrategy: normal, platform: MAC, platformName: MAC, proxy: Proxy(), setWindowRect: true, strictFileInteractability: false, timeouts: {implicit: 0, pageLoad: 300000, script: 30000}, unhandledPromptBehavior: dismiss and notify, webauthn:virtualAuthenticators: true}
Session ID: 226a00c0d745748a3bb37e38c5ea07b5
*** Element info: {Using=xpath, value=//h1}">
      <![CDATA[org.openqa.selenium.NoSuchElementException: no such element: Unable to locate element: {"method":"xpath","selector":"//h1"}
  (Session info: chrome=87.0.4280.88)
For documentation on this error, please visit: https://www.seleniumhq.org/exceptions/no_such_element.html
Build info: version: '3.141.59', revision: 'e82be7d358', time: '2018-11-14T08:17:03'
System info: host: 'Victors-MacBook-Air.local', ip: '2601:241:8680:7be0:0:0:0:208a%en0', os.name: 'Mac OS X', os.arch: 'x86_64', os.version: '10.16', java.version: '1.8.0_271'
Driver info: org.openqa.selenium.chrome.ChromeDriver
Capabilities {acceptInsecureCerts: false, browserName: chrome, browserVersion: 87.0.4280.88, chrome: {chromedriverVersion: 86.0.4240.22 (398b0743353ff..., userDataDir: /var/folders/hk/_x3rb27x6d7...}, goog:chromeOptions: {debuggerAddress: localhost:64573}, javascriptEnabled: true, networkConnectionEnabled: false, pageLoadStrategy: normal, platform: MAC, platformName: MAC, proxy: Proxy(), setWindowRect: true, strictFileInteractability: false, timeouts: {implicit: 0, pageLoad: 300000, script: 30000}, unhandledPromptBehavior: dismiss and notify, webauthn:virtualAuthenticators: true}
Session ID: 226a00c0d745748a3bb37e38c5ea07b5
*** Element info: {Using=xpath, value=//h1}
at org.openqa.selenium.remote.http.W3CHttpResponseCodec.createException(W3CHttpResponseCodec.java:187)
at org.openqa.selenium.remote.http.W3CHttpResponseCodec.decode(W3CHttpResponseCodec.java:122)
at org.openqa.selenium.remote.http.W3CHttpResponseCodec.decode(W3CHttpResponseCodec.java:49)
at org.openqa.selenium.remote.HttpCommandExecutor.execute(HttpCommandExecutor.java:158)
at org.openqa.selenium.remote.service.DriverCommandExecutor.execute(DriverCommandExecutor.java:83)
at org.openqa.selenium.remote.RemoteWebDriver.execute(RemoteWebDriver.java:552)
at org.openqa.selenium.remote.RemoteWebDriver.findElement(RemoteWebDriver.java:323)
at org.openqa.selenium.remote.RemoteWebDriver.findElementByXPath(RemoteWebDriver.java:428)
at org.openqa.selenium.By$ByXPath.findElement(By.java:353)
at org.openqa.selenium.remote.RemoteWebDriver.findElement(RemoteWebDriver.java:315)
at com.romanceabroad.ui.BaseActions.getAnyTitle(BaseActions.java:210)
at com.romanceabroad.ui.PhotosTests.testTabs(PhotosTests.java:46)
at java.util.ArrayList.forEach(ArrayList.java:1259)
... Removed 35 stack frames]]>
    </failure>
  </testcase> <!-- testTabs -->
  <testcase name="testPrettyWomenLink" time="6.332" classname="com.romanceabroad.ui.PrettyWomenTests"/>
  <testcase name="searchDifferentResults" time="84.345" classname="com.romanceabroad.ui.PrettyWomenTests"/>
  <testcase name="searchDifferentResults" time="9.787" classname="com.romanceabroad.ui.PrettyWomenTests"/>
  <testcase name="searchDifferentResults" time="83.545" classname="com.romanceabroad.ui.PrettyWomenTests"/>
  <testcase name="searchDifferentResults" time="10.139" classname="com.romanceabroad.ui.PrettyWomenTests"/>
  <testcase name="testSearchButtonTestCase3" time="3.817" classname="com.romanceabroad.ui.PrettyWomenTests"/>
  <testcase name="testThirdPageTestCase4" time="8.978" classname="com.romanceabroad.ui.PrettyWomenTests"/>
  <testcase name="testSignInFillInLoginPassword" time="1.33" classname="com.romanceabroad.ui.SignInTests"/>
  <testcase name="testSignInFillInLoginPassword" time="1.995" classname="com.romanceabroad.ui.SignInTests"/>
  <testcase name="testFillInContactUsPage" time="8.018" classname="com.romanceabroad.ui.ContactUsTests"/>
  <testcase name="testTourToUkraineLink" time="4.215" classname="com.romanceabroad.ui.TourToUkraineTests"/>
  <testcase name="testFillInformationRegistrationPage" time="4.489" classname="com.romanceabroad.ui.RegistrationTests"/>
  <testcase name="testFillInformationRegistrationPage" time="0.563" classname="com.romanceabroad.ui.RegistrationTests"/>
  <testcase name="testFillInformationRegistrationPage" time="3.521" classname="com.romanceabroad.ui.RegistrationTests"/>
  <testcase name="testFillInformationRegistrationPage" time="5.206" classname="com.romanceabroad.ui.RegistrationTests"/>
  <testcase name="testUserProfile" time="0.0" classname="com.romanceabroad.ui.PrettyWomenTests">
    <ignored/>
  </testcase> <!-- testUserProfile -->
  <testcase name="print" time="0.0" classname="com.romanceabroad.ui.MainTests">
    <ignored/>
  </testcase> <!-- print -->
  <testcase name="testFooter" time="0.0" classname="com.romanceabroad.ui.PrettyWomenTests">
    <ignored/>
  </testcase> <!-- testFooter -->
</testsuite> <!-- ChromeTestCases -->
