<?xml version="1.0" encoding="UTF-8"?>
<testng-results skipped="0" failed="1" ignored="6" total="8" passed="1">
  <reporter-output>
  </reporter-output>
  <suite name="Web Test Suite" duration-ms="23540" started-at="2021-01-10T23:20:36 CST" finished-at="2021-01-10T23:21:00 CST">
    <groups>
      <group name="admin">
        <method signature="GiftsTests.testGiftsLink()[pri:0, instance:com.romanceabroad.ui.GiftsTests@eec5a4a]" name="testGiftsLink" class="com.romanceabroad.ui.GiftsTests"/>
      </group> <!-- admin -->
      <group name="user">
        <method signature="GiftsTests.testGiftsLink()[pri:0, instance:com.romanceabroad.ui.GiftsTests@eec5a4a]" name="testGiftsLink" class="com.romanceabroad.ui.GiftsTests"/>
      </group> <!-- user -->
    </groups>
    <test name="ChromeTestCases" duration-ms="23540" started-at="2021-01-10T23:20:36 CST" finished-at="2021-01-10T23:21:00 CST">
      <class name="com.romanceabroad.ui.GiftsTests">
        <test-method status="PASS" signature="setup(java.lang.String, java.lang.String, java.lang.String, java.lang.String, java.lang.String, java.lang.String, java.lang.reflect.Method)[pri:0, instance:com.romanceabroad.ui.GiftsTests@eec5a4a]" name="setup" is-config="true" duration-ms="18698" started-at="2021-01-10T23:20:36 CST" finished-at="2021-01-10T23:20:55 CST">
          <params>
            <param index="0">
              <value>
                <![CDATA[chrome]]>
              </value>
            </param>
            <param index="1">
              <value>
                <![CDATA[77.0]]>
              </value>
            </param>
            <param index="2">
              <value>
                <![CDATA[Windows 10]]>
              </value>
            </param>
            <param index="3">
              <value>
                <![CDATA[sauce]]>
              </value>
            </param>
            <param index="4">
              <value is-null="true"/>
            </param>
            <param index="5">
              <value>
                <![CDATA[qa]]>
              </value>
            </param>
            <param index="6">
              <value>
                <![CDATA[public void com.romanceabroad.ui.GiftsTests.testGiftsLink()]]>
              </value>
            </param>
          </params>
          <reporter-output>
          </reporter-output>
        </test-method> <!-- setup -->
        <test-method status="PASS" signature="testGiftsLink()[pri:0, instance:com.romanceabroad.ui.GiftsTests@eec5a4a]" name="testGiftsLink" duration-ms="4421" started-at="2021-01-10T23:20:55 CST" finished-at="2021-01-10T23:20:59 CST">
          <reporter-output>
          </reporter-output>
        </test-method> <!-- testGiftsLink -->
        <test-method status="PASS" signature="afterActions(org.testng.ITestResult)[pri:0, instance:com.romanceabroad.ui.GiftsTests@eec5a4a]" name="afterActions" is-config="true" duration-ms="359" started-at="2021-01-10T23:20:59 CST" finished-at="2021-01-10T23:21:00 CST">
          <params>
            <param index="0">
              <value>
                <![CDATA[[TestResult name=testGiftsLink status=SUCCESS method=GiftsTests.testGiftsLink()[pri:0, instance:com.romanceabroad.ui.GiftsTests@eec5a4a] output={null}]]]>
              </value>
            </param>
          </params>
          <reporter-output>
          </reporter-output>
        </test-method> <!-- afterActions -->
      </class> <!-- com.romanceabroad.ui.GiftsTests -->
    </test> <!-- ChromeTestCases -->
  </suite> <!-- Web Test Suite -->
  <suite name="Mobile Test Suite" duration-ms="15839" started-at="2021-01-10T23:21:05 CST" finished-at="2021-01-10T23:21:21 CST">
    <groups>
      <group name="admin">
        <method signature="PrettyWomenTests.selectRandomDropDownListTestsOnSearchPage()[pri:7, instance:com.romanceabroad.ui.PrettyWomenTests@32709393]" name="selectRandomDropDownListTestsOnSearchPage" class="com.romanceabroad.ui.PrettyWomenTests"/>
      </group> <!-- admin -->
      <group name="user">
        <method signature="PrettyWomenTests.selectRandomDropDownListTestsOnSearchPage()[pri:7, instance:com.romanceabroad.ui.PrettyWomenTests@32709393]" name="selectRandomDropDownListTestsOnSearchPage" class="com.romanceabroad.ui.PrettyWomenTests"/>
      </group> <!-- user -->
    </groups>
    <test name="Pixel 2 XL tests" duration-ms="15839" started-at="2021-01-10T23:21:05 CST" finished-at="2021-01-10T23:21:21 CST">
      <class name="com.romanceabroad.ui.PrettyWomenTests">
        <test-method status="PASS" signature="setup(java.lang.String, java.lang.String, java.lang.String, java.lang.String, java.lang.String, java.lang.String, java.lang.reflect.Method)[pri:0, instance:com.romanceabroad.ui.PrettyWomenTests@32709393]" name="setup" is-config="true" duration-ms="12461" started-at="2021-01-10T23:21:05 CST" finished-at="2021-01-10T23:21:17 CST">
          <params>
            <param index="0">
              <value>
                <![CDATA[chrome]]>
              </value>
            </param>
            <param index="1">
              <value is-null="true"/>
            </param>
            <param index="2">
              <value is-null="true"/>
            </param>
            <param index="3">
              <value>
                <![CDATA[mobile]]>
              </value>
            </param>
            <param index="4">
              <value>
                <![CDATA[Pixel 2 XL]]>
              </value>
            </param>
            <param index="5">
              <value>
                <![CDATA[qa]]>
              </value>
            </param>
            <param index="6">
              <value>
                <![CDATA[public void com.romanceabroad.ui.PrettyWomenTests.selectRandomDropDownListTestsOnSearchPage()]]>
              </value>
            </param>
          </params>
          <reporter-output>
          </reporter-output>
        </test-method> <!-- setup -->
        <test-method status="FAIL" signature="selectRandomDropDownListTestsOnSearchPage()[pri:7, instance:com.romanceabroad.ui.PrettyWomenTests@32709393]" name="selectRandomDropDownListTestsOnSearchPage" duration-ms="370" started-at="2021-01-10T23:21:17 CST" finished-at="2021-01-10T23:21:18 CST">
          <exception class="org.openqa.selenium.ElementNotInteractableException">
            <message>
              <![CDATA[element not interactable
  (Session info: chrome=87.0.4280.141)
Build info: version: '3.141.59', revision: 'e82be7d358', time: '2018-11-14T08:17:03'
System info: host: 'Victors-MacBook-Air.local', ip: '2601:241:8680:7be0:5088:a603:16ac:6d13%en0', os.name: 'Mac OS X', os.arch: 'x86_64', os.version: '10.16', java.version: '1.8.0_271'
Driver info: org.openqa.selenium.chrome.ChromeDriver
Capabilities {acceptInsecureCerts: false, browserName: chrome, browserVersion: 87.0.4280.141, chrome: {chromedriverVersion: 86.0.4240.22 (398b0743353ff..., userDataDir: /var/folders/hk/_x3rb27x6d7...}, goog:chromeOptions: {debuggerAddress: localhost:60680}, javascriptEnabled: true, networkConnectionEnabled: false, pageLoadStrategy: normal, platform: MAC, platformName: MAC, proxy: Proxy(), setWindowRect: true, strictFileInteractability: false, timeouts: {implicit: 0, pageLoad: 300000, script: 30000}, unhandledPromptBehavior: dismiss and notify, webauthn:virtualAuthenticators: true}
Session ID: 67489d1b5580f97ba781a8886772e748]]>
            </message>
            <full-stacktrace>
              <![CDATA[org.openqa.selenium.ElementNotInteractableException: element not interactable
  (Session info: chrome=87.0.4280.141)
Build info: version: '3.141.59', revision: 'e82be7d358', time: '2018-11-14T08:17:03'
System info: host: 'Victors-MacBook-Air.local', ip: '2601:241:8680:7be0:5088:a603:16ac:6d13%en0', os.name: 'Mac OS X', os.arch: 'x86_64', os.version: '10.16', java.version: '1.8.0_271'
Driver info: org.openqa.selenium.chrome.ChromeDriver
Capabilities {acceptInsecureCerts: false, browserName: chrome, browserVersion: 87.0.4280.141, chrome: {chromedriverVersion: 86.0.4240.22 (398b0743353ff..., userDataDir: /var/folders/hk/_x3rb27x6d7...}, goog:chromeOptions: {debuggerAddress: localhost:60680}, javascriptEnabled: true, networkConnectionEnabled: false, pageLoadStrategy: normal, platform: MAC, platformName: MAC, proxy: Proxy(), setWindowRect: true, strictFileInteractability: false, timeouts: {implicit: 0, pageLoad: 300000, script: 30000}, unhandledPromptBehavior: dismiss and notify, webauthn:virtualAuthenticators: true}
Session ID: 67489d1b5580f97ba781a8886772e748
at sun.reflect.NativeConstructorAccessorImpl.newInstance0(Native Method)
at sun.reflect.NativeConstructorAccessorImpl.newInstance(NativeConstructorAccessorImpl.java:62)
at sun.reflect.DelegatingConstructorAccessorImpl.newInstance(DelegatingConstructorAccessorImpl.java:45)
at java.lang.reflect.Constructor.newInstance(Constructor.java:423)
at org.openqa.selenium.remote.http.W3CHttpResponseCodec.createException(W3CHttpResponseCodec.java:187)
at org.openqa.selenium.remote.http.W3CHttpResponseCodec.decode(W3CHttpResponseCodec.java:122)
at org.openqa.selenium.remote.http.W3CHttpResponseCodec.decode(W3CHttpResponseCodec.java:49)
at org.openqa.selenium.remote.HttpCommandExecutor.execute(HttpCommandExecutor.java:158)
at org.openqa.selenium.remote.service.DriverCommandExecutor.execute(DriverCommandExecutor.java:83)
at org.openqa.selenium.remote.RemoteWebDriver.execute(RemoteWebDriver.java:552)
at org.openqa.selenium.remote.RemoteWebElement.execute(RemoteWebElement.java:285)
at org.openqa.selenium.remote.RemoteWebElement.click(RemoteWebElement.java:84)
at com.romanceabroad.ui.PrettyWomenPage.clickPrettyWomenLink(PrettyWomenPage.java:13)
at com.romanceabroad.ui.PrettyWomenTests.selectRandomDropDownListTestsOnSearchPage(PrettyWomenTests.java:154)
at sun.reflect.NativeMethodAccessorImpl.invoke0(Native Method)
at sun.reflect.NativeMethodAccessorImpl.invoke(NativeMethodAccessorImpl.java:62)
at sun.reflect.DelegatingMethodAccessorImpl.invoke(DelegatingMethodAccessorImpl.java:43)
at java.lang.reflect.Method.invoke(Method.java:498)
at org.testng.internal.MethodInvocationHelper.invokeMethod(MethodInvocationHelper.java:134)
at org.testng.internal.TestInvoker.invokeMethod(TestInvoker.java:597)
at org.testng.internal.TestInvoker.invokeTestMethod(TestInvoker.java:173)
at org.testng.internal.MethodRunner.runInSequence(MethodRunner.java:46)
at org.testng.internal.TestInvoker$MethodInvocationAgent.invoke(TestInvoker.java:816)
at org.testng.internal.TestInvoker.invokeTestMethods(TestInvoker.java:146)
at org.testng.internal.TestMethodWorker.invokeTestMethods(TestMethodWorker.java:146)
at org.testng.internal.TestMethodWorker.run(TestMethodWorker.java:128)
at java.util.ArrayList.forEach(ArrayList.java:1259)
at org.testng.TestRunner.privateRun(TestRunner.java:766)
at org.testng.TestRunner.run(TestRunner.java:587)
at org.testng.SuiteRunner.runTest(SuiteRunner.java:384)
at org.testng.SuiteRunner.runSequentially(SuiteRunner.java:378)
at org.testng.SuiteRunner.privateRun(SuiteRunner.java:337)
at org.testng.SuiteRunner.run(SuiteRunner.java:286)
at org.testng.SuiteRunnerWorker.runSuite(SuiteRunnerWorker.java:53)
at org.testng.SuiteRunnerWorker.run(SuiteRunnerWorker.java:96)
at org.testng.TestNG.runSuitesSequentially(TestNG.java:1187)
at org.testng.TestNG.runSuitesLocally(TestNG.java:1109)
at org.testng.TestNG.runSuites(TestNG.java:1039)
at org.testng.TestNG.run(TestNG.java:1007)
at org.apache.maven.surefire.testng.TestNGExecutor.run(TestNGExecutor.java:284)
at org.apache.maven.surefire.testng.TestNGXmlTestSuite.execute(TestNGXmlTestSuite.java:75)
at org.apache.maven.surefire.testng.TestNGProvider.invoke(TestNGProvider.java:119)
at org.apache.maven.surefire.booter.ForkedBooter.runSuitesInProcess(ForkedBooter.java:428)
at org.apache.maven.surefire.booter.ForkedBooter.execute(ForkedBooter.java:162)
at org.apache.maven.surefire.booter.ForkedBooter.run(ForkedBooter.java:562)
at org.apache.maven.surefire.booter.ForkedBooter.main(ForkedBooter.java:548)
]]>
            </full-stacktrace>
          </exception> <!-- org.openqa.selenium.ElementNotInteractableException -->
          <reporter-output>
          </reporter-output>
        </test-method> <!-- selectRandomDropDownListTestsOnSearchPage -->
        <test-method status="PASS" signature="afterActions(org.testng.ITestResult)[pri:0, instance:com.romanceabroad.ui.PrettyWomenTests@32709393]" name="afterActions" is-config="true" duration-ms="2980" started-at="2021-01-10T23:21:18 CST" finished-at="2021-01-10T23:21:21 CST">
          <params>
            <param index="0">
              <value>
                <![CDATA[[TestResult name=selectRandomDropDownListTestsOnSearchPage status=FAILURE method=PrettyWomenTests.selectRandomDropDownListTestsOnSearchPage()[pri:7, instance:com.romanceabroad.ui.PrettyWomenTests@32709393] output={null}]]]>
              </value>
            </param>
          </params>
          <reporter-output>
          </reporter-output>
        </test-method> <!-- afterActions -->
      </class> <!-- com.romanceabroad.ui.PrettyWomenTests -->
    </test> <!-- Pixel 2 XL tests -->
  </suite> <!-- Mobile Test Suite -->
</testng-results>
