<?xml version="1.0" encoding="UTF-8"?>
<!-- Generated by org.testng.reporters.JUnitXMLReporter -->
<testsuite hostname="Victors-MacBook-Air.local" ignored="6" name="Pixel 2 XL tests" tests="1" failures="1" timestamp="2021-01-10T23:21:26 CST" time="15.839" errors="0">
  <testcase name="selectRandomDropDownListTestsOnSearchPage" time="0.37" classname="com.romanceabroad.ui.PrettyWomenTests">
    <failure type="org.openqa.selenium.ElementNotInteractableException" message="element not interactable
  (Session info: chrome=87.0.4280.141)
Build info: version: &amp;apos;3.141.59&amp;apos;, revision: &amp;apos;e82be7d358&amp;apos;, time: &amp;apos;2018-11-14T08:17:03&amp;apos;
System info: host: &amp;apos;Victors-MacBook-Air.local&amp;apos;, ip: &amp;apos;2601:241:8680:7be0:5088:a603:16ac:6d13%en0&amp;apos;, os.name: &amp;apos;Mac OS X&amp;apos;, os.arch: &amp;apos;x86_64&amp;apos;, os.version: &amp;apos;10.16&amp;apos;, java.version: &amp;apos;1.8.0_271&amp;apos;
Driver info: org.openqa.selenium.chrome.ChromeDriver
Capabilities {acceptInsecureCerts: false, browserName: chrome, browserVersion: 87.0.4280.141, chrome: {chromedriverVersion: 86.0.4240.22 (398b0743353ff..., userDataDir: /var/folders/hk/_x3rb27x6d7...}, goog:chromeOptions: {debuggerAddress: localhost:60680}, javascriptEnabled: true, networkConnectionEnabled: false, pageLoadStrategy: normal, platform: MAC, platformName: MAC, proxy: Proxy(), setWindowRect: true, strictFileInteractability: false, timeouts: {implicit: 0, pageLoad: 300000, script: 30000}, unhandledPromptBehavior: dismiss and notify, webauthn:virtualAuthenticators: true}
Session ID: 67489d1b5580f97ba781a8886772e748">
      <![CDATA[org.openqa.selenium.ElementNotInteractableException: element not interactable
  (Session info: chrome=87.0.4280.141)
Build info: version: '3.141.59', revision: 'e82be7d358', time: '2018-11-14T08:17:03'
System info: host: 'Victors-MacBook-Air.local', ip: '2601:241:8680:7be0:5088:a603:16ac:6d13%en0', os.name: 'Mac OS X', os.arch: 'x86_64', os.version: '10.16', java.version: '1.8.0_271'
Driver info: org.openqa.selenium.chrome.ChromeDriver
Capabilities {acceptInsecureCerts: false, browserName: chrome, browserVersion: 87.0.4280.141, chrome: {chromedriverVersion: 86.0.4240.22 (398b0743353ff..., userDataDir: /var/folders/hk/_x3rb27x6d7...}, goog:chromeOptions: {debuggerAddress: localhost:60680}, javascriptEnabled: true, networkConnectionEnabled: false, pageLoadStrategy: normal, platform: MAC, platformName: MAC, proxy: Proxy(), setWindowRect: true, strictFileInteractability: false, timeouts: {implicit: 0, pageLoad: 300000, script: 30000}, unhandledPromptBehavior: dismiss and notify, webauthn:virtualAuthenticators: true}
Session ID: 67489d1b5580f97ba781a8886772e748
at org.openqa.selenium.remote.http.W3CHttpResponseCodec.createException(W3CHttpResponseCodec.java:187)
at org.openqa.selenium.remote.http.W3CHttpResponseCodec.decode(W3CHttpResponseCodec.java:122)
at org.openqa.selenium.remote.http.W3CHttpResponseCodec.decode(W3CHttpResponseCodec.java:49)
at org.openqa.selenium.remote.HttpCommandExecutor.execute(HttpCommandExecutor.java:158)
at org.openqa.selenium.remote.service.DriverCommandExecutor.execute(DriverCommandExecutor.java:83)
at org.openqa.selenium.remote.RemoteWebDriver.execute(RemoteWebDriver.java:552)
at org.openqa.selenium.remote.RemoteWebElement.execute(RemoteWebElement.java:285)
at org.openqa.selenium.remote.RemoteWebElement.click(RemoteWebElement.java:84)
at com.romanceabroad.ui.PrettyWomenPage.clickPrettyWomenLink(PrettyWomenPage.java:13)
at com.romanceabroad.ui.PrettyWomenTests.selectRandomDropDownListTestsOnSearchPage(PrettyWomenTests.java:154)
at java.util.ArrayList.forEach(ArrayList.java:1259)
... Removed 35 stack frames]]>
    </failure>
  </testcase> <!-- selectRandomDropDownListTestsOnSearchPage -->
  <testcase name="testSearchButtonTestCase3" time="0.0" classname="com.romanceabroad.ui.PrettyWomenTests">
    <ignored/>
  </testcase> <!-- testSearchButtonTestCase3 -->
  <testcase name="testThirdPageTestCase4" time="0.0" classname="com.romanceabroad.ui.PrettyWomenTests">
    <ignored/>
  </testcase> <!-- testThirdPageTestCase4 -->
  <testcase name="searchDifferentResults" time="0.0" classname="com.romanceabroad.ui.PrettyWomenTests">
    <ignored/>
  </testcase> <!-- searchDifferentResults -->
  <testcase name="testPrettyWomenLink" time="0.0" classname="com.romanceabroad.ui.PrettyWomenTests">
    <ignored/>
  </testcase> <!-- testPrettyWomenLink -->
  <testcase name="testUserProfile" time="0.0" classname="com.romanceabroad.ui.PrettyWomenTests">
    <ignored/>
  </testcase> <!-- testUserProfile -->
  <testcase name="testFooter" time="0.0" classname="com.romanceabroad.ui.PrettyWomenTests">
    <ignored/>
  </testcase> <!-- testFooter -->
</testsuite> <!-- Pixel 2 XL tests -->
