<?xml version="1.0" encoding="UTF-8"?>
<!-- Generated by org.testng.reporters.JUnitXMLReporter -->
<testsuite hostname="Victors-MacBook-Air.local" ignored="3" name="ChromeTestCases" tests="26" failures="1" timestamp="2021-01-04T15:18:09 CST" time="599.471" errors="0">
  <testcase name="testBlogLink" time="112.173" classname="com.romanceabroad.ui.BlogTests"/>
  <testcase name="testGiftsLink" time="2.362" classname="com.romanceabroad.ui.GiftsTests"/>
  <testcase name="testHowWeWorkLink" time="1.957" classname="com.romanceabroad.ui.HowWeWorkTests"/>
  <testcase name="testMainTitleTestCase13" time="2.577" classname="com.romanceabroad.ui.HowWeWorkTests"/>
  <testcase name="testCountPagesContentTestCase14" time="3.585" classname="com.romanceabroad.ui.HowWeWorkTests"/>
  <testcase name="testYoutubePlayButtonTestCase9" time="3.402" classname="com.romanceabroad.ui.MainTests"/>
  <testcase name="testCheckCountTitlesTestCase10" time="0.059" classname="com.romanceabroad.ui.MainTests"/>
  <testcase name="testCheckMainTitlesTestCase11" time="0.236" classname="com.romanceabroad.ui.MainTests"/>
  <testcase name="testPhotosLink" time="1.929" classname="com.romanceabroad.ui.PhotosTests"/>
  <testcase name="testClickButtonAddPhoto" time="5.537" classname="com.romanceabroad.ui.PhotosTests"/>
  <testcase name="testTabs" time="2.182" classname="com.romanceabroad.ui.PhotosTests">
    <failure type="org.openqa.selenium.NoSuchElementException" message="no such element: Unable to locate element: {&amp;quot;method&amp;quot;:&amp;quot;xpath&amp;quot;,&amp;quot;selector&amp;quot;:&amp;quot;//h1&amp;quot;}
  (Session info: chrome=87.0.4280.88)
For documentation on this error, please visit: https://www.seleniumhq.org/exceptions/no_such_element.html
Build info: version: &amp;apos;3.141.59&amp;apos;, revision: &amp;apos;e82be7d358&amp;apos;, time: &amp;apos;2018-11-14T08:17:03&amp;apos;
System info: host: &amp;apos;Victors-MacBook-Air.local&amp;apos;, ip: &amp;apos;2601:241:8680:7be0:0:0:0:208a%en0&amp;apos;, os.name: &amp;apos;Mac OS X&amp;apos;, os.arch: &amp;apos;x86_64&amp;apos;, os.version: &amp;apos;10.16&amp;apos;, java.version: &amp;apos;1.8.0_271&amp;apos;
Driver info: org.openqa.selenium.chrome.ChromeDriver
Capabilities {acceptInsecureCerts: false, browserName: chrome, browserVersion: 87.0.4280.88, chrome: {chromedriverVersion: 86.0.4240.22 (398b0743353ff..., userDataDir: /var/folders/hk/_x3rb27x6d7...}, goog:chromeOptions: {debuggerAddress: localhost:51856}, javascriptEnabled: true, networkConnectionEnabled: false, pageLoadStrategy: normal, platform: MAC, platformName: MAC, proxy: Proxy(), setWindowRect: true, strictFileInteractability: false, timeouts: {implicit: 0, pageLoad: 300000, script: 30000}, unhandledPromptBehavior: dismiss and notify, webauthn:virtualAuthenticators: true}
Session ID: 001b9e41f8c8ec41734e5f9b4fc72bf2
*** Element info: {Using=xpath, value=//h1}">
      <![CDATA[org.openqa.selenium.NoSuchElementException: no such element: Unable to locate element: {"method":"xpath","selector":"//h1"}
  (Session info: chrome=87.0.4280.88)
For documentation on this error, please visit: https://www.seleniumhq.org/exceptions/no_such_element.html
Build info: version: '3.141.59', revision: 'e82be7d358', time: '2018-11-14T08:17:03'
System info: host: 'Victors-MacBook-Air.local', ip: '2601:241:8680:7be0:0:0:0:208a%en0', os.name: 'Mac OS X', os.arch: 'x86_64', os.version: '10.16', java.version: '1.8.0_271'
Driver info: org.openqa.selenium.chrome.ChromeDriver
Capabilities {acceptInsecureCerts: false, browserName: chrome, browserVersion: 87.0.4280.88, chrome: {chromedriverVersion: 86.0.4240.22 (398b0743353ff..., userDataDir: /var/folders/hk/_x3rb27x6d7...}, goog:chromeOptions: {debuggerAddress: localhost:51856}, javascriptEnabled: true, networkConnectionEnabled: false, pageLoadStrategy: normal, platform: MAC, platformName: MAC, proxy: Proxy(), setWindowRect: true, strictFileInteractability: false, timeouts: {implicit: 0, pageLoad: 300000, script: 30000}, unhandledPromptBehavior: dismiss and notify, webauthn:virtualAuthenticators: true}
Session ID: 001b9e41f8c8ec41734e5f9b4fc72bf2
*** Element info: {Using=xpath, value=//h1}
at org.openqa.selenium.remote.http.W3CHttpResponseCodec.createException(W3CHttpResponseCodec.java:187)
at org.openqa.selenium.remote.http.W3CHttpResponseCodec.decode(W3CHttpResponseCodec.java:122)
at org.openqa.selenium.remote.http.W3CHttpResponseCodec.decode(W3CHttpResponseCodec.java:49)
at org.openqa.selenium.remote.HttpCommandExecutor.execute(HttpCommandExecutor.java:158)
at org.openqa.selenium.remote.service.DriverCommandExecutor.execute(DriverCommandExecutor.java:83)
at org.openqa.selenium.remote.RemoteWebDriver.execute(RemoteWebDriver.java:552)
at org.openqa.selenium.remote.RemoteWebDriver.findElement(RemoteWebDriver.java:323)
at org.openqa.selenium.remote.RemoteWebDriver.findElementByXPath(RemoteWebDriver.java:428)
at org.openqa.selenium.By$ByXPath.findElement(By.java:353)
at org.openqa.selenium.remote.RemoteWebDriver.findElement(RemoteWebDriver.java:315)
at com.romanceabroad.ui.BaseActions.getAnyTitle(BaseActions.java:210)
at com.romanceabroad.ui.PhotosTests.testTabs(PhotosTests.java:46)
at java.util.ArrayList.forEach(ArrayList.java:1259)
... Removed 35 stack frames]]>
    </failure>
  </testcase> <!-- testTabs -->
  <testcase name="testPrettyWomenLink" time="3.973" classname="com.romanceabroad.ui.PrettyWomenTests"/>
  <testcase name="searchDifferentResults" time="84.157" classname="com.romanceabroad.ui.PrettyWomenTests"/>
  <testcase name="searchDifferentResults" time="9.973" classname="com.romanceabroad.ui.PrettyWomenTests"/>
  <testcase name="searchDifferentResults" time="83.902" classname="com.romanceabroad.ui.PrettyWomenTests"/>
  <testcase name="searchDifferentResults" time="10.14" classname="com.romanceabroad.ui.PrettyWomenTests"/>
  <testcase name="testSearchButtonTestCase3" time="3.668" classname="com.romanceabroad.ui.PrettyWomenTests"/>
  <testcase name="testThirdPageTestCase4" time="6.444" classname="com.romanceabroad.ui.PrettyWomenTests"/>
  <testcase name="testSignInFillInLoginPassword" time="1.931" classname="com.romanceabroad.ui.SignInTests"/>
  <testcase name="testSignInFillInLoginPassword" time="1.833" classname="com.romanceabroad.ui.SignInTests"/>
  <testcase name="testFillInContactUsPage" time="8.402" classname="com.romanceabroad.ui.ContactUsTests"/>
  <testcase name="testTourToUkraineLink" time="2.379" classname="com.romanceabroad.ui.TourToUkraineTests"/>
  <testcase name="testFillInformationRegistrationPage" time="3.446" classname="com.romanceabroad.ui.RegistrationTests"/>
  <testcase name="testFillInformationRegistrationPage" time="0.658" classname="com.romanceabroad.ui.RegistrationTests"/>
  <testcase name="testFillInformationRegistrationPage" time="3.794" classname="com.romanceabroad.ui.RegistrationTests"/>
  <testcase name="testFillInformationRegistrationPage" time="5.43" classname="com.romanceabroad.ui.RegistrationTests"/>
  <testcase name="testUserProfile" time="0.0" classname="com.romanceabroad.ui.PrettyWomenTests">
    <ignored/>
  </testcase> <!-- testUserProfile -->
  <testcase name="print" time="0.0" classname="com.romanceabroad.ui.MainTests">
    <ignored/>
  </testcase> <!-- print -->
  <testcase name="testFooter" time="0.0" classname="com.romanceabroad.ui.PrettyWomenTests">
    <ignored/>
  </testcase> <!-- testFooter -->
</testsuite> <!-- ChromeTestCases -->
